<?xml version="1.0" encoding="UTF-8"?>
<testsuites>
  <testsuite name="add_calculated_row" timestamp="2026-02-23T14:17:18Z" hostname="74dde8e2b86c" tests="2" skipped="0" failures="0" errors="0" time="1.314">
    <testcase time="1.293" classname="character(0)" name="add_calculated_row_x_"/>
    <testcase time="0.0210000000000004" classname="character(0)" name="add_calculated_row_x_"/>
  </testsuite>
  <testsuite name="add_calculated_row" timestamp="2026-02-23T14:17:18Z" hostname="74dde8e2b86c" tests="1" skipped="0" failures="0" errors="0" time="0.008">
    <testcase time="0.00800000000000001" classname="character(0)" name="add_calculated_row_expr_messaging"/>
  </testsuite>
  <testsuite name="add_calculated_row" timestamp="2026-02-23T14:17:18Z" hostname="74dde8e2b86c" tests="1" skipped="0" failures="0" errors="0" time="0.013">
    <testcase time="0.0129999999999999" classname="character(0)" name="add_calculated_row_by_messaging"/>
  </testsuite>
  <testsuite name="apply_fmt_fun" timestamp="2026-02-23T14:17:18Z" hostname="74dde8e2b86c" tests="2" skipped="0" failures="0" errors="0" time="0.022">
    <testcase time="0.0209999999999999" classname="character(0)" name="apply_fmt_fun_works"/>
    <testcase time="0.00099999999999989" classname="character(0)" name="apply_fmt_fun_works"/>
  </testsuite>
  <testsuite name="apply_fmt_fun" timestamp="2026-02-23T14:17:18Z" hostname="74dde8e2b86c" tests="1" skipped="0" failures="0" errors="0" time="0.001">
    <testcase time="0.00100000000000033" classname="character(0)" name="apply_fmt_fun_works_with_integer_specification"/>
  </testsuite>
  <testsuite name="apply_fmt_fun" timestamp="2026-02-23T14:17:18Z" hostname="74dde8e2b86c" tests="3" skipped="0" failures="0" errors="0" time="0.003">
    <testcase time="0.00199999999999978" classname="character(0)" name="apply_fmt_fun_works_with_xx_specification"/>
    <testcase time="0" classname="character(0)" name="apply_fmt_fun_works_with_xx_specification"/>
    <testcase time="0.00099999999999989" classname="character(0)" name="apply_fmt_fun_works_with_xx_specification"/>
  </testsuite>
  <testsuite name="apply_fmt_fun" timestamp="2026-02-23T14:17:18Z" hostname="74dde8e2b86c" tests="4" skipped="0" failures="0" errors="0" time="0.002">
    <testcase time="0.00100000000000033" classname="character(0)" name="apply_fmt_fun_error_messaging"/>
    <testcase time="0" classname="character(0)" name="apply_fmt_fun_error_messaging"/>
    <testcase time="0.00099999999999989" classname="character(0)" name="apply_fmt_fun_error_messaging"/>
    <testcase time="0" classname="character(0)" name="apply_fmt_fun_error_messaging"/>
  </testsuite>
  <testsuite name="apply_fmt_fun" timestamp="2026-02-23T14:17:18Z" hostname="74dde8e2b86c" tests="2" skipped="0" failures="0" errors="0" time="0.002">
    <testcase time="0.00200000000000022" classname="character(0)" name="apply_fmt_fun_replace_"/>
    <testcase time="0" classname="character(0)" name="apply_fmt_fun_replace_"/>
  </testsuite>
  <testsuite name="ard_formals" timestamp="2026-02-23T14:17:18Z" hostname="74dde8e2b86c" tests="2" skipped="0" failures="0" errors="0" time="0.091">
    <testcase time="0.0899999999999999" classname="character(0)" name="ard_formals_works"/>
    <testcase time="0.00099999999999989" classname="character(0)" name="ard_formals_works"/>
  </testsuite>
  <testsuite name="ard_attributes" timestamp="2026-02-23T14:17:18Z" hostname="74dde8e2b86c" tests="1" skipped="0" failures="0" errors="0" time="0.109">
    <testcase time="0.109" classname="character(0)" name="ard_attributes_works"/>
  </testsuite>
  <testsuite name="ard_attributes" timestamp="2026-02-23T14:17:18Z" hostname="74dde8e2b86c" tests="1" skipped="0" failures="0" errors="0" time="0.002">
    <testcase time="0.00200000000000022" classname="character(0)" name="ard_attributes_errors_when_there_is_no_dataframe"/>
  </testsuite>
  <testsuite name="ard_attributes" timestamp="2026-02-23T14:17:18Z" hostname="74dde8e2b86c" tests="1" skipped="0" failures="0" errors="0" time="0.001">
    <testcase time="0.00099999999999989" classname="character(0)" name="ard_attributes_follows_ard_structure"/>
  </testsuite>
  <testsuite name="ard_attributes" timestamp="2026-02-23T14:17:18Z" hostname="74dde8e2b86c" tests="1" skipped="0" failures="0" errors="0" time="0.002">
    <testcase time="0.00199999999999978" classname="character(0)" name="ard_attributes_requires_label_as_a_named_list"/>
  </testsuite>
  <testsuite name="ard_identity" timestamp="2026-02-23T14:17:18Z" hostname="74dde8e2b86c" tests="3" skipped="0" failures="0" errors="0" time="0.181">
    <testcase time="0.18" classname="character(0)" name="ard_identity_works"/>
    <testcase time="0" classname="character(0)" name="ard_identity_works"/>
    <testcase time="0.00099999999999989" classname="character(0)" name="ard_identity_works"/>
  </testsuite>
  <testsuite name="ard_identity" timestamp="2026-02-23T14:17:18Z" hostname="74dde8e2b86c" tests="1" skipped="0" failures="0" errors="0" time="0.002">
    <testcase time="0.00200000000000022" classname="character(0)" name="ard_identity_messaging"/>
  </testsuite>
  <testsuite name="ard_missing" timestamp="2026-02-23T14:17:19Z" hostname="74dde8e2b86c" tests="3" skipped="0" failures="0" errors="0" time="0.638">
    <testcase time="0.636" classname="character(0)" name="ard_missing_works"/>
    <testcase time="0.00099999999999989" classname="character(0)" name="ard_missing_works"/>
    <testcase time="0.00099999999999989" classname="character(0)" name="ard_missing_works"/>
  </testsuite>
  <testsuite name="ard_missing" timestamp="2026-02-23T14:17:19Z" hostname="74dde8e2b86c" tests="3" skipped="0" failures="0" errors="0" time="0.002">
    <testcase time="0.00099999999999989" classname="character(0)" name="ard_missing_stat_label_argument_works"/>
    <testcase time="0.00100000000000033" classname="character(0)" name="ard_missing_stat_label_argument_works"/>
    <testcase time="0" classname="character(0)" name="ard_missing_stat_label_argument_works"/>
  </testsuite>
  <testsuite name="ard_missing" timestamp="2026-02-23T14:17:19Z" hostname="74dde8e2b86c" tests="1" skipped="0" failures="0" errors="0" time="0.002">
    <testcase time="0.00199999999999978" classname="character(0)" name="ard_missing_with_grouped_data_works"/>
  </testsuite>
  <testsuite name="ard_missing" timestamp="2026-02-23T14:17:19Z" hostname="74dde8e2b86c" tests="1" skipped="0" failures="0" errors="0" time="0.002">
    <testcase time="0.00200000000000022" classname="character(0)" name="ard_missing_follows_ard_structure"/>
  </testsuite>
  <testsuite name="ard_mvsummary" timestamp="2026-02-23T14:17:20Z" hostname="74dde8e2b86c" tests="5" skipped="0" failures="0" errors="0" time="1.1">
    <testcase time="1.098" classname="character(0)" name="ard_mvsummary_works"/>
    <testcase time="0.00100000000000033" classname="character(0)" name="ard_mvsummary_works"/>
    <testcase time="0" classname="character(0)" name="ard_mvsummary_works"/>
    <testcase time="0" classname="character(0)" name="ard_mvsummary_works"/>
    <testcase time="0.000999999999999446" classname="character(0)" name="ard_mvsummary_works"/>
  </testsuite>
  <testsuite name="ard_mvsummary" timestamp="2026-02-23T14:17:20Z" hostname="74dde8e2b86c" tests="1" skipped="0" failures="0" errors="0" time="0.001">
    <testcase time="0.00100000000000033" classname="character(0)" name="ard_mvsummary_messaging"/>
  </testsuite>
  <testsuite name="ard_mvsummary" timestamp="2026-02-23T14:17:20Z" hostname="74dde8e2b86c" tests="1" skipped="0" failures="0" errors="0" time="0.004">
    <testcase time="0.00399999999999956" classname="character(0)" name="ard_mvsummary_with_grouped_data_works"/>
  </testsuite>
  <testsuite name="ard_mvsummary" timestamp="2026-02-23T14:17:20Z" hostname="74dde8e2b86c" tests="1" skipped="0" failures="0" errors="0" time="0.002">
    <testcase time="0.00200000000000067" classname="character(0)" name="ard_mvsummary_follows_ard_structure"/>
  </testsuite>
  <testsuite name="ard_mvsummary" timestamp="2026-02-23T14:17:20Z" hostname="74dde8e2b86c" tests="2" skipped="0" failures="0" errors="0" time="0.002">
    <testcase time="0.000999999999999446" classname="character(0)" name="ard_mvsummary_errors_with_incorrect_factor_columns"/>
    <testcase time="0.00100000000000033" classname="character(0)" name="ard_mvsummary_errors_with_incorrect_factor_columns"/>
  </testsuite>
  <testsuite name="ard_mvsummary" timestamp="2026-02-23T14:17:20Z" hostname="74dde8e2b86c" tests="2" skipped="0" failures="0" errors="0" time="0.002">
    <testcase time="0.00100000000000033" classname="character(0)" name="ard_mvsummary_with_as_cards_fn_inputs"/>
    <testcase time="0.000999999999999446" classname="character(0)" name="ard_mvsummary_with_as_cards_fn_inputs"/>
  </testsuite>
  <testsuite name="ard_pairwise" timestamp="2026-02-23T14:17:21Z" hostname="74dde8e2b86c" tests="4" skipped="0" failures="0" errors="0" time="0.582">
    <testcase time="0.579" classname="character(0)" name="ard_pairwise_works"/>
    <testcase time="0.00100000000000033" classname="character(0)" name="ard_pairwise_works"/>
    <testcase time="0.00100000000000033" classname="character(0)" name="ard_pairwise_works"/>
    <testcase time="0.000999999999999446" classname="character(0)" name="ard_pairwise_works"/>
  </testsuite>
  <testsuite name="ard_pairwise" timestamp="2026-02-23T14:17:21Z" hostname="74dde8e2b86c" tests="4" skipped="0" failures="0" errors="0" time="0.005">
    <testcase time="0.00200000000000067" classname="character(0)" name="ard_pairwise_variable_"/>
    <testcase time="0.000999999999999446" classname="character(0)" name="ard_pairwise_variable_"/>
    <testcase time="0.00100000000000033" classname="character(0)" name="ard_pairwise_variable_"/>
    <testcase time="0.000999999999999446" classname="character(0)" name="ard_pairwise_variable_"/>
  </testsuite>
  <testsuite name="ard_pairwise" timestamp="2026-02-23T14:17:21Z" hostname="74dde8e2b86c" tests="2" skipped="0" failures="0" errors="0" time="0.003">
    <testcase time="0.00200000000000067" classname="character(0)" name="ard_pairwise_variable_messaging"/>
    <testcase time="0.000999999999999446" classname="character(0)" name="ard_pairwise_variable_messaging"/>
  </testsuite>
  <testsuite name="ard_pairwise" timestamp="2026-02-23T14:17:21Z" hostname="74dde8e2b86c" tests="2" skipped="0" failures="0" errors="0" time="0.004">
    <testcase time="0.00300000000000011" classname="character(0)" name="ard_pairwise_include_"/>
    <testcase time="0.00100000000000033" classname="character(0)" name="ard_pairwise_include_"/>
  </testsuite>
  <testsuite name="ard_pairwise" timestamp="2026-02-23T14:17:21Z" hostname="74dde8e2b86c" tests="1" skipped="0" failures="0" errors="0" time="0.001">
    <testcase time="0.000999999999999446" classname="character(0)" name="ard_pairwise_.f_messaging"/>
  </testsuite>
  <testsuite name="ard_pairwise" timestamp="2026-02-23T14:17:21Z" hostname="74dde8e2b86c" tests="2" skipped="0" failures="0" errors="0" time="0.002">
    <testcase time="0.00100000000000033" classname="character(0)" name="ard_pairwise_include_messaging"/>
    <testcase time="0.000999999999999446" classname="character(0)" name="ard_pairwise_include_messaging"/>
  </testsuite>
  <testsuite name="ard_hierarchical" timestamp="2026-02-23T14:17:24Z" hostname="74dde8e2b86c" tests="3" skipped="0" failures="0" errors="0" time="3.193">
    <testcase time="3.191" classname="character(0)" name="ard_hierarchical_works_without_by_variables"/>
    <testcase time="0.000999999999999446" classname="character(0)" name="ard_hierarchical_works_without_by_variables"/>
    <testcase time="0.000999999999999446" classname="character(0)" name="ard_hierarchical_works_without_by_variables"/>
  </testsuite>
  <testsuite name="ard_hierarchical" timestamp="2026-02-23T14:17:24Z" hostname="74dde8e2b86c" tests="2" skipped="0" failures="0" errors="0" time="0.004">
    <testcase time="0.00300000000000011" classname="character(0)" name="ard_hierarchical_works_with_by_variable"/>
    <testcase time="0.00100000000000122" classname="character(0)" name="ard_hierarchical_works_with_by_variable"/>
  </testsuite>
  <testsuite name="ard_hierarchical" timestamp="2026-02-23T14:17:24Z" hostname="74dde8e2b86c" tests="2" skipped="0" failures="0" errors="0" time="0.004">
    <testcase time="0.00300000000000011" classname="character(0)" name="ard_hierarchical_works_with_by_variable_not_present_in_denominator_"/>
    <testcase time="0.000999999999999446" classname="character(0)" name="ard_hierarchical_works_with_by_variable_not_present_in_denominator_"/>
  </testsuite>
  <testsuite name="ard_hierarchical" timestamp="2026-02-23T14:17:24Z" hostname="74dde8e2b86c" tests="1" skipped="0" failures="0" errors="0" time="0.001">
    <testcase time="0.000999999999999446" classname="character(0)" name="ard_hierarchical_works_without_any_variables"/>
  </testsuite>
  <testsuite name="ard_hierarchical" timestamp="2026-02-23T14:17:24Z" hostname="74dde8e2b86c" tests="2" skipped="0" failures="0" errors="0" time="0.003">
    <testcase time="0.00200000000000067" classname="character(0)" name="ard_hierarchical_id_argument_works"/>
    <testcase time="0.000999999999999446" classname="character(0)" name="ard_hierarchical_id_argument_works"/>
  </testsuite>
  <testsuite name="ard_hierarchical" timestamp="2026-02-23T14:17:24Z" hostname="74dde8e2b86c" tests="4" skipped="0" failures="0" errors="0" time="0.003">
    <testcase time="0.000999999999999446" classname="character(0)" name="ard_hierarchical_count_works_without_by_variables"/>
    <testcase time="0.00100000000000122" classname="character(0)" name="ard_hierarchical_count_works_without_by_variables"/>
    <testcase time="0" classname="character(0)" name="ard_hierarchical_count_works_without_by_variables"/>
    <testcase time="0.000999999999999446" classname="character(0)" name="ard_hierarchical_count_works_without_by_variables"/>
  </testsuite>
  <testsuite name="ard_hierarchical" timestamp="2026-02-23T14:17:24Z" hostname="74dde8e2b86c" tests="2" skipped="0" failures="0" errors="0" time="0.002">
    <testcase time="0.00200000000000067" classname="character(0)" name="ard_hierarchical_count_works_with_by_variable"/>
    <testcase time="0" classname="character(0)" name="ard_hierarchical_count_works_with_by_variable"/>
  </testsuite>
  <testsuite name="ard_hierarchical" timestamp="2026-02-23T14:17:24Z" hostname="74dde8e2b86c" tests="2" skipped="0" failures="0" errors="0" time="0.002">
    <testcase time="0.00199999999999889" classname="character(0)" name="ard_hierarchical_count_works_with_by_variable_not_present_in_denominator_"/>
    <testcase time="0" classname="character(0)" name="ard_hierarchical_count_works_with_by_variable_not_present_in_denominator_"/>
  </testsuite>
  <testsuite name="ard_hierarchical" timestamp="2026-02-23T14:17:24Z" hostname="74dde8e2b86c" tests="1" skipped="0" failures="0" errors="0" time="0.002">
    <testcase time="0.00200000000000067" classname="character(0)" name="ard_hierarchical_count_works_without_any_variables"/>
  </testsuite>
  <testsuite name="ard_hierarchical" timestamp="2026-02-23T14:17:24Z" hostname="74dde8e2b86c" tests="2" skipped="0" failures="0" errors="0" time="0.002">
    <testcase time="0.00200000000000067" classname="character(0)" name="ard_hierarchical_and_ard_hierarchical_count_with_grouped_data_works"/>
    <testcase time="0" classname="character(0)" name="ard_hierarchical_and_ard_hierarchical_count_with_grouped_data_works"/>
  </testsuite>
  <testsuite name="ard_hierarchical" timestamp="2026-02-23T14:17:24Z" hostname="74dde8e2b86c" tests="1" skipped="0" failures="0" errors="0" time="0.002">
    <testcase time="0.00199999999999889" classname="character(0)" name="ard_hierarchical_follows_ard_structure"/>
  </testsuite>
  <testsuite name="ard_hierarchical" timestamp="2026-02-23T14:17:24Z" hostname="74dde8e2b86c" tests="2" skipped="0" failures="0" errors="0" time="0.002">
    <testcase time="0.00200000000000067" classname="character(0)" name="ard_hierarchical_errors_with_incomplete_factor_columns"/>
    <testcase time="0" classname="character(0)" name="ard_hierarchical_errors_with_incomplete_factor_columns"/>
  </testsuite>
  <testsuite name="ard_hierarchical" timestamp="2026-02-23T14:17:24Z" hostname="74dde8e2b86c" tests="2" skipped="0" failures="0" errors="0" time="0.002">
    <testcase time="0.00199999999999889" classname="character(0)" name="ard_hierarchical_count_errors_with_incomplete_factor_columns"/>
    <testcase time="0" classname="character(0)" name="ard_hierarchical_count_errors_with_incomplete_factor_columns"/>
  </testsuite>
  <testsuite name="ard_hierarchical" timestamp="2026-02-23T14:17:24Z" hostname="74dde8e2b86c" tests="3" skipped="0" failures="0" errors="0" time="0.003">
    <testcase time="0.00200000000000067" classname="character(0)" name="ard_hierarchical_count_provides_correct_results_with_10_groups"/>
    <testcase time="0.000999999999999446" classname="character(0)" name="ard_hierarchical_count_provides_correct_results_with_10_groups"/>
    <testcase time="0" classname="character(0)" name="ard_hierarchical_count_provides_correct_results_with_10_groups"/>
  </testsuite>
  <testsuite name="ard_stack" timestamp="2026-02-23T14:17:29Z" hostname="74dde8e2b86c" tests="7" skipped="0" failures="0" errors="0" time="4.773">
    <testcase time="4.767" classname="character(0)" name="ard_stack_works"/>
    <testcase time="0.000999999999999446" classname="character(0)" name="ard_stack_works"/>
    <testcase time="0.000999999999999446" classname="character(0)" name="ard_stack_works"/>
    <testcase time="0.00100000000000122" classname="character(0)" name="ard_stack_works"/>
    <testcase time="0.000999999999999446" classname="character(0)" name="ard_stack_works"/>
    <testcase time="0.000999999999999446" classname="character(0)" name="ard_stack_works"/>
    <testcase time="0.00100000000000122" classname="character(0)" name="ard_stack_works"/>
  </testsuite>
  <testsuite name="ard_stack" timestamp="2026-02-23T14:17:29Z" hostname="74dde8e2b86c" tests="2" skipped="0" failures="0" errors="0" time="0.004">
    <testcase time="0.00300000000000011" classname="character(0)" name="ard_stack_adding_overalls"/>
    <testcase time="0.000999999999999446" classname="character(0)" name="ard_stack_adding_overalls"/>
  </testsuite>
  <testsuite name="ard_stack" timestamp="2026-02-23T14:17:29Z" hostname="74dde8e2b86c" tests="4" skipped="0" failures="0" errors="0" time="0.006">
    <testcase time="0.00300000000000011" classname="character(0)" name="ard_stack_adding_missing_attributes"/>
    <testcase time="0.000999999999999446" classname="character(0)" name="ard_stack_adding_missing_attributes"/>
    <testcase time="0.000999999999999446" classname="character(0)" name="ard_stack_adding_missing_attributes"/>
    <testcase time="0.00100000000000122" classname="character(0)" name="ard_stack_adding_missing_attributes"/>
  </testsuite>
  <testsuite name="ard_stack" timestamp="2026-02-23T14:17:29Z" hostname="74dde8e2b86c" tests="1" skipped="0" failures="0" errors="0" time="0.003">
    <testcase time="0.00300000000000011" classname="character(0)" name="ard_stack_.shuffle_argument_errors"/>
  </testsuite>
  <testsuite name="ard_stack" timestamp="2026-02-23T14:17:29Z" hostname="74dde8e2b86c" tests="1" skipped="0" failures="0" errors="0" time="0.003">
    <testcase time="0.00300000000000011" classname="character(0)" name="ard_stack_adding_total_N"/>
  </testsuite>
  <testsuite name="ard_stack" timestamp="2026-02-23T14:17:29Z" hostname="74dde8e2b86c" tests="1" skipped="0" failures="0" errors="0" time="0.003">
    <testcase time="0.00300000000000011" classname="character(0)" name="ard_stack_works_with_namespaced_functions"/>
  </testsuite>
  <testsuite name="ard_stack" timestamp="2026-02-23T14:17:29Z" hostname="74dde8e2b86c" tests="2" skipped="0" failures="0" errors="0" time="0.008">
    <testcase time="0.00699999999999967" classname="character(0)" name="ard_stack_messaging"/>
    <testcase time="0.000999999999999446" classname="character(0)" name="ard_stack_messaging"/>
  </testsuite>
  <testsuite name="ard_stack" timestamp="2026-02-23T14:17:29Z" hostname="74dde8e2b86c" tests="1" skipped="0" failures="0" errors="0" time="0.002">
    <testcase time="0.00200000000000067" classname="character(0)" name="ard_stack_complex_call_error"/>
  </testsuite>
  <testsuite name="ard_stack" timestamp="2026-02-23T14:17:29Z" hostname="74dde8e2b86c" tests="1" skipped="0" failures="0" errors="0" time="0.002">
    <testcase time="0.00199999999999889" classname="character(0)" name="ard_stack_follows_ard_structure"/>
  </testsuite>
  <testsuite name="ard_stack" timestamp="2026-02-23T14:17:29Z" hostname="74dde8e2b86c" tests="2" skipped="0" failures="0" errors="0" time="0.002">
    <testcase time="0.00200000000000067" classname="character(0)" name="ard_stack_.by_messaging"/>
    <testcase time="0" classname="character(0)" name="ard_stack_.by_messaging"/>
  </testsuite>
  <testsuite name="ard_stack" timestamp="2026-02-23T14:17:29Z" hostname="74dde8e2b86c" tests="6" skipped="0" failures="0" errors="0" time="0.005">
    <testcase time="0.00200000000000067" classname="character(0)" name="ard_stack_.by_stats_argument"/>
    <testcase time="0.000999999999999446" classname="character(0)" name="ard_stack_.by_stats_argument"/>
    <testcase time="0" classname="character(0)" name="ard_stack_.by_stats_argument"/>
    <testcase time="0.000999999999999446" classname="character(0)" name="ard_stack_.by_stats_argument"/>
    <testcase time="0" classname="character(0)" name="ard_stack_.by_stats_argument"/>
    <testcase time="0.00100000000000122" classname="character(0)" name="ard_stack_.by_stats_argument"/>
  </testsuite>
  <testsuite name="ard_strata" timestamp="2026-02-23T14:17:32Z" hostname="74dde8e2b86c" tests="3" skipped="0" failures="0" errors="0" time="3.024">
    <testcase time="3.022" classname="character(0)" name="ard_strata_works"/>
    <testcase time="0.00100000000000122" classname="character(0)" name="ard_strata_works"/>
    <testcase time="0.000999999999999446" classname="character(0)" name="ard_strata_works"/>
  </testsuite>
  <testsuite name="ard_strata" timestamp="2026-02-23T14:17:32Z" hostname="74dde8e2b86c" tests="2" skipped="0" failures="0" errors="0" time="0.002">
    <testcase time="0.000999999999999446" classname="character(0)" name="ard_strata_by_strata_when_both_empty"/>
    <testcase time="0.00100000000000122" classname="character(0)" name="ard_strata_by_strata_when_both_empty"/>
  </testsuite>
  <testsuite name="ard_strata" timestamp="2026-02-23T14:17:32Z" hostname="74dde8e2b86c" tests="1" skipped="1" failures="0" errors="0" time="0.002">
    <testcase time="0.00199999999999889" classname="character(0)" name="ard_strata_computes_stats_for_parameter_specific_strata">
      <skipped message="Reason: package_version(paste(R.version$major, R.version$minor, sep = &quot;.&quot;)) &lt;= package_version(&quot;4.5.0&quot;) is not TRUE ('test-ard_strata.R:73:3')"/>
    </testcase>
  </testsuite>
  <testsuite name="ard_stack_hierarchical" timestamp="2026-02-23T14:17:36Z" hostname="74dde8e2b86c" tests="4" skipped="0" failures="0" errors="0" time="4.534">
    <testcase time="4.532" classname="character(0)" name="ard_stack_hierarchical_variables_"/>
    <testcase time="0.000999999999997669" classname="character(0)" name="ard_stack_hierarchical_variables_"/>
    <testcase time="0" classname="character(0)" name="ard_stack_hierarchical_variables_"/>
    <testcase time="0.00100000000000122" classname="character(0)" name="ard_stack_hierarchical_variables_"/>
  </testsuite>
  <testsuite name="ard_stack_hierarchical" timestamp="2026-02-23T14:17:36Z" hostname="74dde8e2b86c" tests="2" skipped="0" failures="0" errors="0" time="0.002">
    <testcase time="0.00199999999999889" classname="character(0)" name="ard_stack_hierarchical_variables_messaging_removed_obs"/>
    <testcase time="0" classname="character(0)" name="ard_stack_hierarchical_variables_messaging_removed_obs"/>
  </testsuite>
  <testsuite name="ard_stack_hierarchical" timestamp="2026-02-23T14:17:36Z" hostname="74dde8e2b86c" tests="2" skipped="0" failures="0" errors="0" time="0.003">
    <testcase time="0.00200000000000244" classname="character(0)" name="ard_stack_hierarchical_variables_messaging"/>
    <testcase time="0.000999999999997669" classname="character(0)" name="ard_stack_hierarchical_variables_messaging"/>
  </testsuite>
  <testsuite name="ard_stack_hierarchical" timestamp="2026-02-23T14:17:36Z" hostname="74dde8e2b86c" tests="5" skipped="0" failures="0" errors="0" time="0.004">
    <testcase time="0.00100000000000122" classname="character(0)" name="ard_stack_hierarchical_by_"/>
    <testcase time="0.00100000000000122" classname="character(0)" name="ard_stack_hierarchical_by_"/>
    <testcase time="0" classname="character(0)" name="ard_stack_hierarchical_by_"/>
    <testcase time="0.000999999999997669" classname="character(0)" name="ard_stack_hierarchical_by_"/>
    <testcase time="0.00100000000000122" classname="character(0)" name="ard_stack_hierarchical_by_"/>
  </testsuite>
  <testsuite name="ard_stack_hierarchical" timestamp="2026-02-23T14:17:36Z" hostname="74dde8e2b86c" tests="2" skipped="0" failures="0" errors="0" time="0.002">
    <testcase time="0.00100000000000122" classname="character(0)" name="ard_stack_hierarchical_by_messaging"/>
    <testcase time="0.000999999999997669" classname="character(0)" name="ard_stack_hierarchical_by_messaging"/>
  </testsuite>
  <testsuite name="ard_stack_hierarchical" timestamp="2026-02-23T14:17:36Z" hostname="74dde8e2b86c" tests="3" skipped="0" failures="0" errors="0" time="0.003">
    <testcase time="0.00100000000000122" classname="character(0)" name="ard_stack_hierarchical_denominator_messaging"/>
    <testcase time="0.000999999999997669" classname="character(0)" name="ard_stack_hierarchical_denominator_messaging"/>
    <testcase time="0.00100000000000122" classname="character(0)" name="ard_stack_hierarchical_denominator_messaging"/>
  </testsuite>
  <testsuite name="ard_stack_hierarchical" timestamp="2026-02-23T14:17:36Z" hostname="74dde8e2b86c" tests="4" skipped="0" failures="0" errors="0" time="0.003">
    <testcase time="0.00100000000000122" classname="character(0)" name="ard_stack_hierarchical_by_with_columns_not_in_denominator_"/>
    <testcase time="0.000999999999997669" classname="character(0)" name="ard_stack_hierarchical_by_with_columns_not_in_denominator_"/>
    <testcase time="0" classname="character(0)" name="ard_stack_hierarchical_by_with_columns_not_in_denominator_"/>
    <testcase time="0.00100000000000122" classname="character(0)" name="ard_stack_hierarchical_by_with_columns_not_in_denominator_"/>
  </testsuite>
  <testsuite name="ard_stack_hierarchical" timestamp="2026-02-23T14:17:36Z" hostname="74dde8e2b86c" tests="1" skipped="0" failures="0" errors="0" time="0.002">
    <testcase time="0.00199999999999889" classname="character(0)" name="ard_stack_hierarchical_variables_include_messaging"/>
  </testsuite>
  <testsuite name="ard_stack_hierarchical" timestamp="2026-02-23T14:17:36Z" hostname="74dde8e2b86c" tests="1" skipped="0" failures="0" errors="0" time="0.001">
    <testcase time="0.00100000000000122" classname="character(0)" name="ard_stack_hierarchical_by_overall_messaging"/>
  </testsuite>
  <testsuite name="ard_stack_hierarchical" timestamp="2026-02-23T14:17:36Z" hostname="74dde8e2b86c" tests="1" skipped="0" failures="0" errors="0" time="0.002">
    <testcase time="0.00199999999999889" classname="character(0)" name="ard_stack_hierarchical_statistic_"/>
  </testsuite>
  <testsuite name="ard_stack_hierarchical" timestamp="2026-02-23T14:17:36Z" hostname="74dde8e2b86c" tests="1" skipped="0" failures="0" errors="0" time="0.002">
    <testcase time="0.00200000000000244" classname="character(0)" name="ard_stack_hierarchical_with_shuffle"/>
  </testsuite>
  <testsuite name="ard_stack_hierarchical" timestamp="2026-02-23T14:17:36Z" hostname="74dde8e2b86c" tests="4" skipped="0" failures="0" errors="0" time="0.003">
    <testcase time="0.000999999999997669" classname="character(0)" name="ard_stack_hierarchical_count_variables_"/>
    <testcase time="0.00100000000000122" classname="character(0)" name="ard_stack_hierarchical_count_variables_"/>
    <testcase time="0" classname="character(0)" name="ard_stack_hierarchical_count_variables_"/>
    <testcase time="0.00100000000000122" classname="character(0)" name="ard_stack_hierarchical_count_variables_"/>
  </testsuite>
  <testsuite name="ard_stack_hierarchical" timestamp="2026-02-23T14:17:36Z" hostname="74dde8e2b86c" tests="4" skipped="0" failures="0" errors="0" time="0.003">
    <testcase time="0.00199999999999889" classname="character(0)" name="ard_stack_hierarchical_count_by_"/>
    <testcase time="0" classname="character(0)" name="ard_stack_hierarchical_count_by_"/>
    <testcase time="0.00100000000000122" classname="character(0)" name="ard_stack_hierarchical_count_by_"/>
    <testcase time="0" classname="character(0)" name="ard_stack_hierarchical_count_by_"/>
  </testsuite>
  <testsuite name="ard_stack_hierarchical" timestamp="2026-02-23T14:17:36Z" hostname="74dde8e2b86c" tests="1" skipped="0" failures="0" errors="0" time="0.002">
    <testcase time="0.00199999999999889" classname="character(0)" name="ard_stack_hierarchical_count_denominator_messaging"/>
  </testsuite>
  <testsuite name="ard_stack_hierarchical" timestamp="2026-02-23T14:17:36Z" hostname="74dde8e2b86c" tests="3" skipped="0" failures="0" errors="0" time="0.003">
    <testcase time="0.00199999999999889" classname="character(0)" name="ard_stack_hierarchical_count_denominator_univariate_tabulations"/>
    <testcase time="0" classname="character(0)" name="ard_stack_hierarchical_count_denominator_univariate_tabulations"/>
    <testcase time="0.00100000000000122" classname="character(0)" name="ard_stack_hierarchical_count_denominator_univariate_tabulations"/>
  </testsuite>
  <testsuite name="ard_stack_hierarchical" timestamp="2026-02-23T14:17:36Z" hostname="74dde8e2b86c" tests="2" skipped="0" failures="0" errors="0" time="0.002">
    <testcase time="0.00199999999999889" classname="character(0)" name="ard_stack_hierarchical_count_denominator_total_n_"/>
    <testcase time="0" classname="character(0)" name="ard_stack_hierarchical_count_denominator_total_n_"/>
  </testsuite>
  <testsuite name="ard_stack_hierarchical" timestamp="2026-02-23T14:17:36Z" hostname="74dde8e2b86c" tests="1" skipped="0" failures="0" errors="0" time="0.002">
    <testcase time="0.00200000000000244" classname="character(0)" name="ard_stack_hierarchical_count_denominator_total_n_messaging"/>
  </testsuite>
  <testsuite name="ard_stack_hierarchical" timestamp="2026-02-23T14:17:36Z" hostname="74dde8e2b86c" tests="1" skipped="0" failures="0" errors="0" time="0.002">
    <testcase time="0.00199999999999889" classname="character(0)" name="ard_stack_hierarchical_count_overall_denominator_messaging"/>
  </testsuite>
  <testsuite name="ard_stack_hierarchical" timestamp="2026-02-23T14:17:36Z" hostname="74dde8e2b86c" tests="2" skipped="0" failures="0" errors="0" time="0.002">
    <testcase time="0.00100000000000122" classname="character(0)" name="ard_stack_hierarchical_count_overall_"/>
    <testcase time="0.000999999999997669" classname="character(0)" name="ard_stack_hierarchical_count_overall_"/>
  </testsuite>
  <testsuite name="ard_stack_hierarchical" timestamp="2026-02-23T14:17:36Z" hostname="74dde8e2b86c" tests="1" skipped="0" failures="0" errors="0" time="0.002">
    <testcase time="0.00199999999999889" classname="character(0)" name="ard_stack_hierarchical_count_over_variables_"/>
  </testsuite>
  <testsuite name="ard_stack_hierarchical" timestamp="2026-02-23T14:17:36Z" hostname="74dde8e2b86c" tests="2" skipped="0" failures="0" errors="0" time="0.004">
    <testcase time="0.00400000000000134" classname="character(0)" name="ard_stack_hierarchical_count_overall_over_variables_"/>
    <testcase time="0" classname="character(0)" name="ard_stack_hierarchical_count_overall_over_variables_"/>
  </testsuite>
  <testsuite name="ard_stack_hierarchical" timestamp="2026-02-23T14:17:36Z" hostname="74dde8e2b86c" tests="1" skipped="0" failures="0" errors="0" time="0.002">
    <testcase time="0.00199999999999889" classname="character(0)" name="ard_stack_hierarchical_count_attributes_"/>
  </testsuite>
  <testsuite name="ard_stack_hierarchical" timestamp="2026-02-23T14:17:36Z" hostname="74dde8e2b86c" tests="4" skipped="0" failures="0" errors="0" time="0.004">
    <testcase time="0.00200000000000244" classname="character(0)" name="ard_stack_hierarchical_by_stats_argument"/>
    <testcase time="0.000999999999997669" classname="character(0)" name="ard_stack_hierarchical_by_stats_argument"/>
    <testcase time="0" classname="character(0)" name="ard_stack_hierarchical_by_stats_argument"/>
    <testcase time="0.00100000000000122" classname="character(0)" name="ard_stack_hierarchical_by_stats_argument"/>
  </testsuite>
  <testsuite name="ard_tabulate" timestamp="2026-02-23T14:17:47Z" hostname="74dde8e2b86c" tests="8" skipped="0" failures="0" errors="0" time="10.399">
    <testcase time="10.395" classname="character(0)" name="ard_tabulate_univariate"/>
    <testcase time="0.00100000000000122" classname="character(0)" name="ard_tabulate_univariate"/>
    <testcase time="0" classname="character(0)" name="ard_tabulate_univariate"/>
    <testcase time="0.00100000000000122" classname="character(0)" name="ard_tabulate_univariate"/>
    <testcase time="0" classname="character(0)" name="ard_tabulate_univariate"/>
    <testcase time="0.000999999999997669" classname="character(0)" name="ard_tabulate_univariate"/>
    <testcase time="0" classname="character(0)" name="ard_tabulate_univariate"/>
    <testcase time="0.00100000000000122" classname="character(0)" name="ard_tabulate_univariate"/>
  </testsuite>
  <testsuite name="ard_tabulate" timestamp="2026-02-23T14:17:47Z" hostname="74dde8e2b86c" tests="5" skipped="0" failures="0" errors="0" time="0.004">
    <testcase time="0.00199999999999889" classname="character(0)" name="ard_tabulate_univariate_specified_denomiator"/>
    <testcase time="0" classname="character(0)" name="ard_tabulate_univariate_specified_denomiator"/>
    <testcase time="0.00100000000000122" classname="character(0)" name="ard_tabulate_univariate_specified_denomiator"/>
    <testcase time="0.000999999999997669" classname="character(0)" name="ard_tabulate_univariate_specified_denomiator"/>
    <testcase time="0" classname="character(0)" name="ard_tabulate_univariate_specified_denomiator"/>
  </testsuite>
  <testsuite name="ard_tabulate" timestamp="2026-02-23T14:17:47Z" hostname="74dde8e2b86c" tests="2" skipped="0" failures="0" errors="0" time="0.002">
    <testcase time="0.00200000000000244" classname="character(0)" name="ard_tabulate_fmt_fun_argument_works"/>
    <testcase time="0" classname="character(0)" name="ard_tabulate_fmt_fun_argument_works"/>
  </testsuite>
  <testsuite name="ard_tabulate" timestamp="2026-02-23T14:17:47Z" hostname="74dde8e2b86c" tests="8" skipped="0" failures="0" errors="0" time="0.006">
    <testcase time="0.00199999999999889" classname="character(0)" name="ard_tabulate_with_strata_and_by_arguments"/>
    <testcase time="0.00100000000000122" classname="character(0)" name="ard_tabulate_with_strata_and_by_arguments"/>
    <testcase time="0" classname="character(0)" name="ard_tabulate_with_strata_and_by_arguments"/>
    <testcase time="0.000999999999997669" classname="character(0)" name="ard_tabulate_with_strata_and_by_arguments"/>
    <testcase time="0" classname="character(0)" name="ard_tabulate_with_strata_and_by_arguments"/>
    <testcase time="0.00100000000000122" classname="character(0)" name="ard_tabulate_with_strata_and_by_arguments"/>
    <testcase time="0.00100000000000122" classname="character(0)" name="ard_tabulate_with_strata_and_by_arguments"/>
    <testcase time="0" classname="character(0)" name="ard_tabulate_with_strata_and_by_arguments"/>
  </testsuite>
  <testsuite name="ard_tabulate" timestamp="2026-02-23T14:17:47Z" hostname="74dde8e2b86c" tests="3" skipped="0" failures="0" errors="0" time="0.003">
    <testcase time="0.00199999999999889" classname="character(0)" name="ard_tabulate_stat_label_argument_works"/>
    <testcase time="0.00100000000000122" classname="character(0)" name="ard_tabulate_stat_label_argument_works"/>
    <testcase time="0" classname="character(0)" name="ard_tabulate_stat_label_argument_works"/>
  </testsuite>
  <testsuite name="ard_tabulate" timestamp="2026-02-23T14:17:47Z" hostname="74dde8e2b86c" tests="5" skipped="0" failures="0" errors="0" time="0.004">
    <testcase time="0.00199999999999889" classname="character(0)" name="ard_tabulate_denominator_cell_works"/>
    <testcase time="0" classname="character(0)" name="ard_tabulate_denominator_cell_works"/>
    <testcase time="0.00100000000000122" classname="character(0)" name="ard_tabulate_denominator_cell_works"/>
    <testcase time="0" classname="character(0)" name="ard_tabulate_denominator_cell_works"/>
    <testcase time="0.000999999999997669" classname="character(0)" name="ard_tabulate_denominator_cell_works"/>
  </testsuite>
  <testsuite name="ard_tabulate" timestamp="2026-02-23T14:17:47Z" hostname="74dde8e2b86c" tests="9" skipped="0" failures="0" errors="0" time="0.006">
    <testcase time="0.00200000000000244" classname="character(0)" name="ard_tabulate_denominator_row_works"/>
    <testcase time="0" classname="character(0)" name="ard_tabulate_denominator_row_works"/>
    <testcase time="0.000999999999997669" classname="character(0)" name="ard_tabulate_denominator_row_works"/>
    <testcase time="0" classname="character(0)" name="ard_tabulate_denominator_row_works"/>
    <testcase time="0.00100000000000122" classname="character(0)" name="ard_tabulate_denominator_row_works"/>
    <testcase time="0.00100000000000122" classname="character(0)" name="ard_tabulate_denominator_row_works"/>
    <testcase time="0" classname="character(0)" name="ard_tabulate_denominator_row_works"/>
    <testcase time="0.000999999999997669" classname="character(0)" name="ard_tabulate_denominator_row_works"/>
    <testcase time="0" classname="character(0)" name="ard_tabulate_denominator_row_works"/>
  </testsuite>
  <testsuite name="ard_tabulate" timestamp="2026-02-23T14:17:47Z" hostname="74dde8e2b86c" tests="5" skipped="0" failures="0" errors="0" time="0.004">
    <testcase time="0.00200000000000244" classname="character(0)" name="ard_tabulate_denominator_column_works"/>
    <testcase time="0.000999999999997669" classname="character(0)" name="ard_tabulate_denominator_column_works"/>
    <testcase time="0" classname="character(0)" name="ard_tabulate_denominator_column_works"/>
    <testcase time="0.00100000000000122" classname="character(0)" name="ard_tabulate_denominator_column_works"/>
    <testcase time="0" classname="character(0)" name="ard_tabulate_denominator_column_works"/>
  </testsuite>
  <testsuite name="ard_tabulate" timestamp="2026-02-23T14:17:47Z" hostname="74dde8e2b86c" tests="1" skipped="0" failures="0" errors="0" time="0.002">
    <testcase time="0.00199999999999889" classname="character(0)" name="ard_tabulate_denominator_integer_works"/>
  </testsuite>
  <testsuite name="ard_tabulate" timestamp="2026-02-23T14:17:47Z" hostname="74dde8e2b86c" tests="3" skipped="0" failures="0" errors="0" time="0.003">
    <testcase time="0.00200000000000244" classname="character(0)" name="ard_tabulate_denominator_data_frame_with_counts_works"/>
    <testcase time="0" classname="character(0)" name="ard_tabulate_denominator_data_frame_with_counts_works"/>
    <testcase time="0.000999999999997669" classname="character(0)" name="ard_tabulate_denominator_data_frame_with_counts_works"/>
  </testsuite>
  <testsuite name="ard_tabulate" timestamp="2026-02-23T14:17:47Z" hostname="74dde8e2b86c" tests="2" skipped="0" failures="0" errors="0" time="0.002">
    <testcase time="0.00199999999999889" classname="character(0)" name="ard_tabulate_denominator_data_frame_without_counts_works"/>
    <testcase time="0" classname="character(0)" name="ard_tabulate_denominator_data_frame_without_counts_works"/>
  </testsuite>
  <testsuite name="ard_tabulate" timestamp="2026-02-23T14:17:47Z" hostname="74dde8e2b86c" tests="2" skipped="0" failures="0" errors="0" time="0.003">
    <testcase time="0.00200000000000244" classname="character(0)" name="ard_tabulate_and_ARD_column_names"/>
    <testcase time="0.000999999999997669" classname="character(0)" name="ard_tabulate_and_ARD_column_names"/>
  </testsuite>
  <testsuite name="ard_tabulate" timestamp="2026-02-23T14:17:47Z" hostname="74dde8e2b86c" tests="1" skipped="0" failures="0" errors="0" time="0.002">
    <testcase time="0.00200000000000244" classname="character(0)" name="ard_tabulate_with_grouped_data_works"/>
  </testsuite>
  <testsuite name="ard_tabulate" timestamp="2026-02-23T14:17:47Z" hostname="74dde8e2b86c" tests="1" skipped="0" failures="0" errors="0" time="0.001">
    <testcase time="0.000999999999997669" classname="character(0)" name="ard_tabulate_and_all_NA_columns"/>
  </testsuite>
  <testsuite name="ard_tabulate" timestamp="2026-02-23T14:17:47Z" hostname="74dde8e2b86c" tests="4" skipped="0" failures="0" errors="0" time="0.004">
    <testcase time="0.00200000000000244" classname="character(0)" name="ard_tabulate_can_handle_non_syntactic_column_names"/>
    <testcase time="0.000999999999997669" classname="character(0)" name="ard_tabulate_can_handle_non_syntactic_column_names"/>
    <testcase time="0" classname="character(0)" name="ard_tabulate_can_handle_non_syntactic_column_names"/>
    <testcase time="0.00100000000000122" classname="character(0)" name="ard_tabulate_can_handle_non_syntactic_column_names"/>
  </testsuite>
  <testsuite name="ard_tabulate" timestamp="2026-02-23T14:17:47Z" hostname="74dde8e2b86c" tests="1" skipped="0" failures="0" errors="0" time="0.002">
    <testcase time="0.00199999999999889" classname="character(0)" name="ard_tabulate_strata_returns_results_in_proper_order"/>
  </testsuite>
  <testsuite name="ard_tabulate" timestamp="2026-02-23T14:17:47Z" hostname="74dde8e2b86c" tests="2" skipped="0" failures="0" errors="0" time="0.004">
    <testcase time="0.00400000000000134" classname="character(0)" name="ard_tabulate_by_messages_about_protected_names"/>
    <testcase time="0" classname="character(0)" name="ard_tabulate_by_messages_about_protected_names"/>
  </testsuite>
  <testsuite name="ard_tabulate" timestamp="2026-02-23T14:17:47Z" hostname="74dde8e2b86c" tests="15" skipped="0" failures="0" errors="0" time="0.01">
    <testcase time="0.00199999999999889" classname="character(0)" name="ard_tabulate_works_when_using_generic_names_"/>
    <testcase time="0.00100000000000122" classname="character(0)" name="ard_tabulate_works_when_using_generic_names_"/>
    <testcase time="0" classname="character(0)" name="ard_tabulate_works_when_using_generic_names_"/>
    <testcase time="0.00100000000000122" classname="character(0)" name="ard_tabulate_works_when_using_generic_names_"/>
    <testcase time="0" classname="character(0)" name="ard_tabulate_works_when_using_generic_names_"/>
    <testcase time="0.000999999999997669" classname="character(0)" name="ard_tabulate_works_when_using_generic_names_"/>
    <testcase time="0.00100000000000122" classname="character(0)" name="ard_tabulate_works_when_using_generic_names_"/>
    <testcase time="0" classname="character(0)" name="ard_tabulate_works_when_using_generic_names_"/>
    <testcase time="0.00100000000000122" classname="character(0)" name="ard_tabulate_works_when_using_generic_names_"/>
    <testcase time="0" classname="character(0)" name="ard_tabulate_works_when_using_generic_names_"/>
    <testcase time="0.000999999999997669" classname="character(0)" name="ard_tabulate_works_when_using_generic_names_"/>
    <testcase time="0" classname="character(0)" name="ard_tabulate_works_when_using_generic_names_"/>
    <testcase time="0.00100000000000122" classname="character(0)" name="ard_tabulate_works_when_using_generic_names_"/>
    <testcase time="0.00100000000000122" classname="character(0)" name="ard_tabulate_works_when_using_generic_names_"/>
    <testcase time="0" classname="character(0)" name="ard_tabulate_works_when_using_generic_names_"/>
  </testsuite>
  <testsuite name="ard_tabulate" timestamp="2026-02-23T14:17:47Z" hostname="74dde8e2b86c" tests="2" skipped="0" failures="0" errors="0" time="0.003">
    <testcase time="0.00199999999999889" classname="character(0)" name="ard_tabulate_by_messages_about_protected_names"/>
    <testcase time="0.000999999999997669" classname="character(0)" name="ard_tabulate_by_messages_about_protected_names"/>
  </testsuite>
  <testsuite name="ard_tabulate" timestamp="2026-02-23T14:17:47Z" hostname="74dde8e2b86c" tests="1" skipped="0" failures="0" errors="0" time="0.001">
    <testcase time="0.00100000000000122" classname="character(0)" name="ard_tabulate_follows_ard_structure"/>
  </testsuite>
  <testsuite name="ard_tabulate" timestamp="2026-02-23T14:17:47Z" hostname="74dde8e2b86c" tests="2" skipped="0" failures="0" errors="0" time="0.003">
    <testcase time="0.00199999999999889" classname="character(0)" name="ard_tabulate_with_hms_times"/>
    <testcase time="0.00100000000000122" classname="character(0)" name="ard_tabulate_with_hms_times"/>
  </testsuite>
  <testsuite name="ard_tabulate" timestamp="2026-02-23T14:17:47Z" hostname="74dde8e2b86c" tests="2" skipped="0" failures="0" errors="0" time="0.002">
    <testcase time="0.00199999999999889" classname="character(0)" name="ard_tabulate_errors_with_incomplete_factor_columns"/>
    <testcase time="0" classname="character(0)" name="ard_tabulate_errors_with_incomplete_factor_columns"/>
  </testsuite>
  <testsuite name="ard_tabulate" timestamp="2026-02-23T14:17:47Z" hostname="74dde8e2b86c" tests="13" skipped="0" failures="0" errors="0" time="0.009">
    <testcase time="0.00200000000000244" classname="character(0)" name="ard_tabulate_denominator_column_with_cumulative_counts"/>
    <testcase time="0.000999999999997669" classname="character(0)" name="ard_tabulate_denominator_column_with_cumulative_counts"/>
    <testcase time="0" classname="character(0)" name="ard_tabulate_denominator_column_with_cumulative_counts"/>
    <testcase time="0.00100000000000122" classname="character(0)" name="ard_tabulate_denominator_column_with_cumulative_counts"/>
    <testcase time="0" classname="character(0)" name="ard_tabulate_denominator_column_with_cumulative_counts"/>
    <testcase time="0.00100000000000122" classname="character(0)" name="ard_tabulate_denominator_column_with_cumulative_counts"/>
    <testcase time="0" classname="character(0)" name="ard_tabulate_denominator_column_with_cumulative_counts"/>
    <testcase time="0.000999999999997669" classname="character(0)" name="ard_tabulate_denominator_column_with_cumulative_counts"/>
    <testcase time="0" classname="character(0)" name="ard_tabulate_denominator_column_with_cumulative_counts"/>
    <testcase time="0.00100000000000122" classname="character(0)" name="ard_tabulate_denominator_column_with_cumulative_counts"/>
    <testcase time="0.00100000000000122" classname="character(0)" name="ard_tabulate_denominator_column_with_cumulative_counts"/>
    <testcase time="0" classname="character(0)" name="ard_tabulate_denominator_column_with_cumulative_counts"/>
    <testcase time="0.000999999999997669" classname="character(0)" name="ard_tabulate_denominator_column_with_cumulative_counts"/>
  </testsuite>
  <testsuite name="ard_tabulate" timestamp="2026-02-23T14:17:47Z" hostname="74dde8e2b86c" tests="6" skipped="0" failures="0" errors="0" time="0.004">
    <testcase time="0.00200000000000244" classname="character(0)" name="ard_tabulate_denominator_row_with_cumulative_counts"/>
    <testcase time="0" classname="character(0)" name="ard_tabulate_denominator_row_with_cumulative_counts"/>
    <testcase time="0.000999999999997669" classname="character(0)" name="ard_tabulate_denominator_row_with_cumulative_counts"/>
    <testcase time="0" classname="character(0)" name="ard_tabulate_denominator_row_with_cumulative_counts"/>
    <testcase time="0.00100000000000122" classname="character(0)" name="ard_tabulate_denominator_row_with_cumulative_counts"/>
    <testcase time="0" classname="character(0)" name="ard_tabulate_denominator_row_with_cumulative_counts"/>
  </testsuite>
  <testsuite name="ard_tabulate" timestamp="2026-02-23T14:17:47Z" hostname="74dde8e2b86c" tests="1" skipped="0" failures="0" errors="0" time="0.002">
    <testcase time="0.00199999999999889" classname="character(0)" name="ard_tabulate_with_cumulative_counts_messaging"/>
  </testsuite>
  <testsuite name="ard_tabulate" timestamp="2026-02-23T14:17:47Z" hostname="74dde8e2b86c" tests="1" skipped="0" failures="0" errors="0" time="0.002">
    <testcase time="0.00200000000000244" classname="character(0)" name="ard_tabulate_ordering_for_multiple_strata"/>
  </testsuite>
  <testsuite name="ard_tabulate" timestamp="2026-02-23T14:17:47Z" hostname="74dde8e2b86c" tests="1" skipped="0" failures="0" errors="0" time="0.002">
    <testcase time="0.00199999999999889" classname="character(0)" name="ard_tabulate_data_denominator_class_mis_match"/>
  </testsuite>
  <testsuite name="ard_tabulate_rows" timestamp="2026-02-23T14:17:47Z" hostname="74dde8e2b86c" tests="1" skipped="0" failures="0" errors="0" time="0.102">
    <testcase time="0.102" classname="character(0)" name="ard_tabulate_rows_works"/>
  </testsuite>
  <testsuite name="ard_tabulate_value" timestamp="2026-02-23T14:17:48Z" hostname="74dde8e2b86c" tests="5" skipped="1" failures="0" errors="0" time="0.933">
    <testcase time="0.931000000000001" classname="character(0)" name="ard_tabulate_value_works"/>
    <testcase time="0.000999999999997669" classname="character(0)" name="ard_tabulate_value_works"/>
    <testcase time="0" classname="character(0)" name="ard_tabulate_value_works"/>
    <testcase time="0.000999999999997669" classname="character(0)" name="ard_tabulate_value_works"/>
    <testcase time="0" classname="character(0)" name="ard_tabulate_value_works">
      <skipped message="Reason: package_version(paste(R.version$major, R.version$minor, sep = &quot;.&quot;)) &lt;= package_version(&quot;4.5.0&quot;) is not TRUE ('test-ard_tabulate_value.R:39:3')"/>
    </testcase>
  </testsuite>
  <testsuite name="ard_tabulate_value" timestamp="2026-02-23T14:17:48Z" hostname="74dde8e2b86c" tests="3" skipped="0" failures="0" errors="0" time="0.019">
    <testcase time="0.0180000000000007" classname="character(0)" name="ard_tabulate_value_errors_are_correct"/>
    <testcase time="0.00100000000000477" classname="character(0)" name="ard_tabulate_value_errors_are_correct"/>
    <testcase time="0" classname="character(0)" name="ard_tabulate_value_errors_are_correct"/>
  </testsuite>
  <testsuite name="ard_tabulate_value" timestamp="2026-02-23T14:17:48Z" hostname="74dde8e2b86c" tests="1" skipped="0" failures="0" errors="0" time="0.002">
    <testcase time="0.00199999999999534" classname="character(0)" name="ard_tabulate_value_with_grouped_data_works"/>
  </testsuite>
  <testsuite name="ard_tabulate_value" timestamp="2026-02-23T14:17:48Z" hostname="74dde8e2b86c" tests="1" skipped="0" failures="0" errors="0" time="0.002">
    <testcase time="0.00200000000000244" classname="character(0)" name="ard_tabulate_value_follows_ard_structure"/>
  </testsuite>
  <testsuite name="ard_tabulate_value" timestamp="2026-02-23T14:17:48Z" hostname="74dde8e2b86c" tests="2" skipped="0" failures="0" errors="0" time="0.003">
    <testcase time="0.00200000000000244" classname="character(0)" name="ard_tabulate_value_errors_with_incomplete_factor_columns"/>
    <testcase time="0.000999999999997669" classname="character(0)" name="ard_tabulate_value_errors_with_incomplete_factor_columns"/>
  </testsuite>
  <testsuite name="ard_total_n" timestamp="2026-02-23T14:17:48Z" hostname="74dde8e2b86c" tests="2" skipped="0" failures="0" errors="0" time="0.174">
    <testcase time="0.173999999999999" classname="character(0)" name="ard_total_n_works"/>
    <testcase time="0" classname="character(0)" name="ard_total_n_works"/>
  </testsuite>
  <testsuite name="ard_total_n" timestamp="2026-02-23T14:17:48Z" hostname="74dde8e2b86c" tests="1" skipped="0" failures="0" errors="0" time="0.002">
    <testcase time="0.00200000000000244" classname="character(0)" name="ard_total_n_follows_ard_structure"/>
  </testsuite>
  <testsuite name="as_card" timestamp="2026-02-23T14:17:48Z" hostname="74dde8e2b86c" tests="1" skipped="0" failures="0" errors="0" time="0.267">
    <testcase time="0.266999999999996" classname="character(0)" name="as_card_works"/>
  </testsuite>
  <testsuite name="as_card" timestamp="2026-02-23T14:17:48Z" hostname="74dde8e2b86c" tests="1" skipped="0" failures="0" errors="0" time="0.002">
    <testcase time="0.00200000000000244" classname="character(0)" name="as_card_does_not_affect_card_objects"/>
  </testsuite>
  <testsuite name="as_card" timestamp="2026-02-23T14:17:48Z" hostname="74dde8e2b86c" tests="1" skipped="0" failures="0" errors="0" time="0.002">
    <testcase time="0.00200000000000244" classname="character(0)" name="as_card_error_catching_works_correctly"/>
  </testsuite>
  <testsuite name="as_cards_fn" timestamp="2026-02-23T14:17:48Z" hostname="74dde8e2b86c" tests="3" skipped="0" failures="0" errors="0" time="0.038">
    <testcase time="0.036999999999999" classname="character(0)" name="as_cards_fn_works"/>
    <testcase time="0" classname="character(0)" name="as_cards_fn_works"/>
    <testcase time="0.000999999999997669" classname="character(0)" name="as_cards_fn_works"/>
  </testsuite>
  <testsuite name="as_nested_list" timestamp="2026-02-23T14:17:49Z" hostname="74dde8e2b86c" tests="1" skipped="0" failures="0" errors="0" time="0.432">
    <testcase time="0.432000000000002" classname="character(0)" name="as_nested_list_works"/>
  </testsuite>
  <testsuite name="bind_ard" timestamp="2026-02-23T14:17:49Z" hostname="74dde8e2b86c" tests="1" skipped="0" failures="0" errors="0" time="0.722">
    <testcase time="0.722000000000001" classname="character(0)" name="bind_ard_works"/>
  </testsuite>
  <testsuite name="bind_ard" timestamp="2026-02-23T14:17:49Z" hostname="74dde8e2b86c" tests="2" skipped="0" failures="0" errors="0" time="0.002">
    <testcase time="0.00199999999999534" classname="character(0)" name="ARD_helpers_messaging"/>
    <testcase time="0" classname="character(0)" name="ARD_helpers_messaging"/>
  </testsuite>
  <testsuite name="bind_ard" timestamp="2026-02-23T14:17:49Z" hostname="74dde8e2b86c" tests="2" skipped="0" failures="0" errors="0" time="0.003">
    <testcase time="0.00200000000000244" classname="character(0)" name="bind_ard_.order_argument_works"/>
    <testcase time="0.000999999999997669" classname="character(0)" name="bind_ard_.order_argument_works"/>
  </testsuite>
  <testsuite name="bind_ard" timestamp="2026-02-23T14:17:49Z" hostname="74dde8e2b86c" tests="1" skipped="0" failures="0" errors="0" time="0.002">
    <testcase time="0.00200000000000244" classname="character(0)" name="bind_ard_.quiet_"/>
  </testsuite>
  <testsuite name="bind_ard" timestamp="2026-02-23T14:17:49Z" hostname="74dde8e2b86c" tests="1" skipped="0" failures="0" errors="0" time="0.002">
    <testcase time="0.00200000000000244" classname="character(0)" name="bind_ard_.distinct_"/>
  </testsuite>
  <testsuite name="check_ard_structure" timestamp="2026-02-23T14:17:50Z" hostname="74dde8e2b86c" tests="1" skipped="0" failures="0" errors="0" time="0.163">
    <testcase time="0.162999999999997" classname="character(0)" name="check_ard_structure_works"/>
  </testsuite>
  <testsuite name="compare_ard" timestamp="2026-02-23T14:17:52Z" hostname="74dde8e2b86c" tests="6" skipped="0" failures="0" errors="0" time="2.574">
    <testcase time="2.571" classname="character(0)" name="compare_ard_identifies_stat_mismatches"/>
    <testcase time="0.00100000000000477" classname="character(0)" name="compare_ard_identifies_stat_mismatches"/>
    <testcase time="0" classname="character(0)" name="compare_ard_identifies_stat_mismatches"/>
    <testcase time="0.000999999999997669" classname="character(0)" name="compare_ard_identifies_stat_mismatches"/>
    <testcase time="0" classname="character(0)" name="compare_ard_identifies_stat_mismatches"/>
    <testcase time="0.000999999999997669" classname="character(0)" name="compare_ard_identifies_stat_mismatches"/>
  </testsuite>
  <testsuite name="compare_ard" timestamp="2026-02-23T14:17:52Z" hostname="74dde8e2b86c" tests="5" skipped="0" failures="0" errors="0" time="0.004">
    <testcase time="0.00200000000000244" classname="character(0)" name="compare_ard_returns_empty_data_frames_when_ARDs_are_identical"/>
    <testcase time="0.000999999999997669" classname="character(0)" name="compare_ard_returns_empty_data_frames_when_ARDs_are_identical"/>
    <testcase time="0" classname="character(0)" name="compare_ard_returns_empty_data_frames_when_ARDs_are_identical"/>
    <testcase time="0.00100000000000477" classname="character(0)" name="compare_ard_returns_empty_data_frames_when_ARDs_are_identical"/>
    <testcase time="0" classname="character(0)" name="compare_ard_returns_empty_data_frames_when_ARDs_are_identical"/>
  </testsuite>
  <testsuite name="compare_ard" timestamp="2026-02-23T14:17:52Z" hostname="74dde8e2b86c" tests="1" skipped="0" failures="0" errors="0" time="0.002">
    <testcase time="0.00199999999999534" classname="character(0)" name="compare_ard_validates_duplicates_in_keys"/>
  </testsuite>
  <testsuite name="compare_ard" timestamp="2026-02-23T14:17:52Z" hostname="74dde8e2b86c" tests="3" skipped="0" failures="0" errors="0" time="0.004">
    <testcase time="0.00200000000000244" classname="character(0)" name="compare_ard_supports_custom_keys"/>
    <testcase time="0.000999999999997669" classname="character(0)" name="compare_ard_supports_custom_keys"/>
    <testcase time="0.00100000000000477" classname="character(0)" name="compare_ard_supports_custom_keys"/>
  </testsuite>
  <testsuite name="compare_ard" timestamp="2026-02-23T14:17:52Z" hostname="74dde8e2b86c" tests="3" skipped="0" failures="0" errors="0" time="0.003">
    <testcase time="0.00199999999999534" classname="character(0)" name="compare_ard_supports_custom_compare_columns"/>
    <testcase time="0" classname="character(0)" name="compare_ard_supports_custom_compare_columns"/>
    <testcase time="0.00100000000000477" classname="character(0)" name="compare_ard_supports_custom_compare_columns"/>
  </testsuite>
  <testsuite name="compare_ard" timestamp="2026-02-23T14:17:52Z" hostname="74dde8e2b86c" tests="3" skipped="0" failures="0" errors="0" time="0.003">
    <testcase time="0.00199999999999534" classname="character(0)" name="compare_ard_handles_ARDs_with_different_grouping_structures"/>
    <testcase time="0" classname="character(0)" name="compare_ard_handles_ARDs_with_different_grouping_structures"/>
    <testcase time="0.000999999999997669" classname="character(0)" name="compare_ard_handles_ARDs_with_different_grouping_structures"/>
  </testsuite>
  <testsuite name="compare_ard" timestamp="2026-02-23T14:17:52Z" hostname="74dde8e2b86c" tests="4" skipped="0" failures="0" errors="0" time="0.004">
    <testcase time="0.00200000000000244" classname="character(0)" name="compare_ard_detects_rows_in_x_not_in_y"/>
    <testcase time="0.000999999999997669" classname="character(0)" name="compare_ard_detects_rows_in_x_not_in_y"/>
    <testcase time="0" classname="character(0)" name="compare_ard_detects_rows_in_x_not_in_y"/>
    <testcase time="0.00100000000000477" classname="character(0)" name="compare_ard_detects_rows_in_x_not_in_y"/>
  </testsuite>
  <testsuite name="compare_ard" timestamp="2026-02-23T14:17:52Z" hostname="74dde8e2b86c" tests="4" skipped="0" failures="0" errors="0" time="0.003">
    <testcase time="0.00199999999999534" classname="character(0)" name="compare_ard_detects_rows_in_y_not_in_x"/>
    <testcase time="0" classname="character(0)" name="compare_ard_detects_rows_in_y_not_in_x"/>
    <testcase time="0.00100000000000477" classname="character(0)" name="compare_ard_detects_rows_in_y_not_in_x"/>
    <testcase time="0" classname="character(0)" name="compare_ard_detects_rows_in_y_not_in_x"/>
  </testsuite>
  <testsuite name="compare_ard" timestamp="2026-02-23T14:17:52Z" hostname="74dde8e2b86c" tests="2" skipped="0" failures="0" errors="0" time="0.021">
    <testcase time="0.00499999999999545" classname="character(0)" name="compare_ard_errors_when_keys_are_empty">
      <system-out>Subsetting quosures with `[[` is deprecated as of rlang 0.4.0
Please use `quo_get_expr()` instead.
Backtrace:
     ▆
  1. ├─testthat::expect_error(compare_ard(ard1, ard2, keys = "nonexistent_col")) at test-compare_ard.R:115:3
  2. │ └─testthat:::expect_condition_matching_(...)
  3. │   └─testthat:::quasi_capture(...)
  4. │     ├─testthat (local) .capture(...)
  5. │     │ └─base::withCallingHandlers(...)
  6. │     └─rlang::eval_bare(quo_get_expr(.quo), quo_get_env(.quo))
  7. └─cards::compare_ard(ard1, ard2, keys = "nonexistent_col")
  8.   └─cards:::.process_keys_arg(...)
  9.     ├─base::intersect(...)
 10.     └─cards::cards_select(...)
 11.       └─base::tryCatch(...)
 12.         └─base (local) tryCatchList(expr, classes, parentenv, handlers)
 13.           └─base (local) tryCatchOne(expr, names, parentenv, handlers[[1L]])
 14.             └─value[[3L]](cond)
 15.               ├─base::tryCatch(...)
 16.               │ └─base (local) tryCatchList(expr, classes, parentenv, handlers)
 17.               │   └─base (local) tryCatchOne(expr, names, parentenv, handlers[[1L]])
 18.               │     └─base (local) doTryCatch(return(expr), name, parentenv, handler)
 19.               ├─base::eval(as.list(enexpr)[[1]])
 20.               ├─as.list(enexpr)[[1]]
 21.               └─rlang:::`[[.quosure`(as.list(enexpr), 1)
 22.                 └─rlang:::deprecate_soft(...)
 23.                   └─rlang:::.rlang_lifecycle_deprecate_warn0(...)</system-out>
    </testcase>
    <testcase time="0.0160000000000053" classname="character(0)" name="compare_ard_errors_when_keys_are_empty"/>
  </testsuite>
  <testsuite name="compare_ard" timestamp="2026-02-23T14:17:52Z" hostname="74dde8e2b86c" tests="2" skipped="0" failures="0" errors="0" time="0.015">
    <testcase time="0.00199999999999534" classname="character(0)" name="compare_ard_errors_when_compare_columns_are_empty">
      <system-out>Subsetting quosures with `[[` is deprecated as of rlang 0.4.0
Please use `quo_get_expr()` instead.
Backtrace:
     ▆
  1. ├─testthat::expect_error(...) at test-compare_ard.R:124:3
  2. │ └─testthat:::expect_condition_matching_(...)
  3. │   └─testthat:::quasi_capture(...)
  4. │     ├─testthat (local) .capture(...)
  5. │     │ └─base::withCallingHandlers(...)
  6. │     └─rlang::eval_bare(quo_get_expr(.quo), quo_get_env(.quo))
  7. ├─base::suppressMessages(compare_ard(ard, ard, compare = "nonexistent_col"))
  8. │ └─base::withCallingHandlers(...)
  9. └─cards::compare_ard(ard, ard, compare = "nonexistent_col")
 10.   └─cards:::.process_compare_arg(...)
 11.     ├─base::union(...)
 12.     │ └─base::.set_ops_need_as_vector(x, y)
 13.     └─cards::cards_select(...)
 14.       └─base::tryCatch(...)
 15.         └─base (local) tryCatchList(expr, classes, parentenv, handlers)
 16.           └─base (local) tryCatchOne(expr, names, parentenv, handlers[[1L]])
 17.             └─value[[3L]](cond)
 18.               ├─base::tryCatch(...)
 19.               │ └─base (local) tryCatchList(expr, classes, parentenv, handlers)
 20.               │   └─base (local) tryCatchOne(expr, names, parentenv, handlers[[1L]])
 21.               │     └─base (local) doTryCatch(return(expr), name, parentenv, handler)
 22.               ├─base::eval(as.list(enexpr)[[1]])
 23.               ├─as.list(enexpr)[[1]]
 24.               └─rlang:::`[[.quosure`(as.list(enexpr), 1)
 25.                 └─rlang:::deprecate_soft(...)
 26.                   └─rlang:::.rlang_lifecycle_deprecate_warn0(...)</system-out>
    </testcase>
    <testcase time="0.0130000000000052" classname="character(0)" name="compare_ard_errors_when_compare_columns_are_empty"/>
  </testsuite>
  <testsuite name="compare_ard" timestamp="2026-02-23T14:17:52Z" hostname="74dde8e2b86c" tests="2" skipped="0" failures="0" errors="0" time="0.003">
    <testcase time="0.00199999999999534" classname="character(0)" name="compare_ard_handles_missing_columns_gracefully"/>
    <testcase time="0.00100000000000477" classname="character(0)" name="compare_ard_handles_missing_columns_gracefully"/>
  </testsuite>
  <testsuite name="compare_ard" timestamp="2026-02-23T14:17:52Z" hostname="74dde8e2b86c" tests="4" skipped="0" failures="0" errors="0" time="0.004">
    <testcase time="0.00199999999999534" classname="character(0)" name="compare_ard_works_with_by_variables"/>
    <testcase time="0.00100000000000477" classname="character(0)" name="compare_ard_works_with_by_variables"/>
    <testcase time="0" classname="character(0)" name="compare_ard_works_with_by_variables"/>
    <testcase time="0.000999999999997669" classname="character(0)" name="compare_ard_works_with_by_variables"/>
  </testsuite>
  <testsuite name="compare_ard" timestamp="2026-02-23T14:17:52Z" hostname="74dde8e2b86c" tests="2" skipped="0" failures="0" errors="0" time="0.003">
    <testcase time="0.00200000000000244" classname="character(0)" name="compare_ard_validates_input_classes"/>
    <testcase time="0.000999999999997669" classname="character(0)" name="compare_ard_validates_input_classes"/>
  </testsuite>
  <testsuite name="compare_ard" timestamp="2026-02-23T14:17:52Z" hostname="74dde8e2b86c" tests="2" skipped="0" failures="0" errors="0" time="0.002">
    <testcase time="0.00200000000000244" classname="character(0)" name="compare_ard_prints_informative_messages_about_keys_and_compare_columns"/>
    <testcase time="0" classname="character(0)" name="compare_ard_prints_informative_messages_about_keys_and_compare_columns"/>
  </testsuite>
  <testsuite name="compare_ard" timestamp="2026-02-23T14:17:52Z" hostname="74dde8e2b86c" tests="6" skipped="0" failures="0" errors="0" time="0.008">
    <testcase time="0.00199999999999534" classname="character(0)" name="compare_ard_returns_ard_comparison_class"/>
    <testcase time="0.00100000000000477" classname="character(0)" name="compare_ard_returns_ard_comparison_class"/>
    <testcase time="0.000999999999997669" classname="character(0)" name="compare_ard_returns_ard_comparison_class"/>
    <testcase time="0.00300000000000011" classname="character(0)" name="compare_ard_returns_ard_comparison_class"/>
    <testcase time="0.000999999999997669" classname="character(0)" name="compare_ard_returns_ard_comparison_class"/>
    <testcase time="0" classname="character(0)" name="compare_ard_returns_ard_comparison_class"/>
  </testsuite>
  <testsuite name="eval_capture_conditions" timestamp="2026-02-23T14:17:53Z" hostname="74dde8e2b86c" tests="4" skipped="0" failures="0" errors="0" time="0.334">
    <testcase time="0.332000000000001" classname="character(0)" name="eval_capture_conditions_works"/>
    <testcase time="0.000999999999997669" classname="character(0)" name="eval_capture_conditions_works"/>
    <testcase time="0" classname="character(0)" name="eval_capture_conditions_works"/>
    <testcase time="0.00100000000000477" classname="character(0)" name="eval_capture_conditions_works"/>
  </testsuite>
  <testsuite name="eval_capture_conditions" timestamp="2026-02-23T14:17:53Z" hostname="74dde8e2b86c" tests="3" skipped="0" failures="0" errors="0" time="0.003">
    <testcase time="0.00199999999999534" classname="character(0)" name="captured_condition_as_message_works"/>
    <testcase time="0" classname="character(0)" name="captured_condition_as_message_works"/>
    <testcase time="0.00100000000000477" classname="character(0)" name="captured_condition_as_message_works"/>
  </testsuite>
  <testsuite name="eval_capture_conditions" timestamp="2026-02-23T14:17:53Z" hostname="74dde8e2b86c" tests="3" skipped="0" failures="0" errors="0" time="0.003">
    <testcase time="0.00199999999999534" classname="character(0)" name="captured_condition_as_error_works"/>
    <testcase time="0.00100000000000477" classname="character(0)" name="captured_condition_as_error_works"/>
    <testcase time="0" classname="character(0)" name="captured_condition_as_error_works"/>
  </testsuite>
  <testsuite name="filter_ard_hierarchical" timestamp="2026-02-23T14:18:02Z" hostname="74dde8e2b86c" tests="5" skipped="0" failures="0" errors="0" time="9.768">
    <testcase time="9.766" classname="character(0)" name="filter_ard_hierarchical_works"/>
    <testcase time="0.000999999999997669" classname="character(0)" name="filter_ard_hierarchical_works"/>
    <testcase time="0" classname="character(0)" name="filter_ard_hierarchical_works"/>
    <testcase time="0.00100000000000477" classname="character(0)" name="filter_ard_hierarchical_works"/>
    <testcase time="0" classname="character(0)" name="filter_ard_hierarchical_works"/>
  </testsuite>
  <testsuite name="filter_ard_hierarchical" timestamp="2026-02-23T14:18:02Z" hostname="74dde8e2b86c" tests="10" skipped="0" failures="0" errors="0" time="0.008">
    <testcase time="0.00300000000000011" classname="character(0)" name="filter_ard_hierarchical_works_with_non_standard_filters"/>
    <testcase time="0" classname="character(0)" name="filter_ard_hierarchical_works_with_non_standard_filters"/>
    <testcase time="0.000999999999997669" classname="character(0)" name="filter_ard_hierarchical_works_with_non_standard_filters"/>
    <testcase time="0" classname="character(0)" name="filter_ard_hierarchical_works_with_non_standard_filters"/>
    <testcase time="0.000999999999997669" classname="character(0)" name="filter_ard_hierarchical_works_with_non_standard_filters"/>
    <testcase time="0.00100000000000477" classname="character(0)" name="filter_ard_hierarchical_works_with_non_standard_filters"/>
    <testcase time="0" classname="character(0)" name="filter_ard_hierarchical_works_with_non_standard_filters"/>
    <testcase time="0.000999999999997669" classname="character(0)" name="filter_ard_hierarchical_works_with_non_standard_filters"/>
    <testcase time="0" classname="character(0)" name="filter_ard_hierarchical_works_with_non_standard_filters"/>
    <testcase time="0.000999999999997669" classname="character(0)" name="filter_ard_hierarchical_works_with_non_standard_filters"/>
  </testsuite>
  <testsuite name="filter_ard_hierarchical" timestamp="2026-02-23T14:18:02Z" hostname="74dde8e2b86c" tests="18" skipped="0" failures="0" errors="0" time="0.014">
    <testcase time="0.00200000000000244" classname="character(0)" name="filter_ard_hierarchical_works_with_column_specific_filters"/>
    <testcase time="0.000999999999997669" classname="character(0)" name="filter_ard_hierarchical_works_with_column_specific_filters"/>
    <testcase time="0" classname="character(0)" name="filter_ard_hierarchical_works_with_column_specific_filters"/>
    <testcase time="0.00100000000000477" classname="character(0)" name="filter_ard_hierarchical_works_with_column_specific_filters"/>
    <testcase time="0" classname="character(0)" name="filter_ard_hierarchical_works_with_column_specific_filters"/>
    <testcase time="0.000999999999997669" classname="character(0)" name="filter_ard_hierarchical_works_with_column_specific_filters"/>
    <testcase time="0" classname="character(0)" name="filter_ard_hierarchical_works_with_column_specific_filters"/>
    <testcase time="0.000999999999997669" classname="character(0)" name="filter_ard_hierarchical_works_with_column_specific_filters"/>
    <testcase time="0.00300000000000011" classname="character(0)" name="filter_ard_hierarchical_works_with_column_specific_filters"/>
    <testcase time="0.00100000000000477" classname="character(0)" name="filter_ard_hierarchical_works_with_column_specific_filters"/>
    <testcase time="0" classname="character(0)" name="filter_ard_hierarchical_works_with_column_specific_filters"/>
    <testcase time="0.000999999999997669" classname="character(0)" name="filter_ard_hierarchical_works_with_column_specific_filters"/>
    <testcase time="0" classname="character(0)" name="filter_ard_hierarchical_works_with_column_specific_filters"/>
    <testcase time="0.000999999999997669" classname="character(0)" name="filter_ard_hierarchical_works_with_column_specific_filters"/>
    <testcase time="0.00100000000000477" classname="character(0)" name="filter_ard_hierarchical_works_with_column_specific_filters"/>
    <testcase time="0" classname="character(0)" name="filter_ard_hierarchical_works_with_column_specific_filters"/>
    <testcase time="0.000999999999997669" classname="character(0)" name="filter_ard_hierarchical_works_with_column_specific_filters"/>
    <testcase time="0" classname="character(0)" name="filter_ard_hierarchical_works_with_column_specific_filters"/>
  </testsuite>
  <testsuite name="filter_ard_hierarchical" timestamp="2026-02-23T14:18:02Z" hostname="74dde8e2b86c" tests="4" skipped="0" failures="0" errors="0" time="0.004">
    <testcase time="0.00300000000000011" classname="character(0)" name="filter_ard_hierarchical_works_with_ard_stack_hierarchical_count_results"/>
    <testcase time="0" classname="character(0)" name="filter_ard_hierarchical_works_with_ard_stack_hierarchical_count_results"/>
    <testcase time="0.000999999999997669" classname="character(0)" name="filter_ard_hierarchical_works_with_ard_stack_hierarchical_count_results"/>
    <testcase time="0" classname="character(0)" name="filter_ard_hierarchical_works_with_ard_stack_hierarchical_count_results"/>
  </testsuite>
  <testsuite name="filter_ard_hierarchical" timestamp="2026-02-23T14:18:02Z" hostname="74dde8e2b86c" tests="3" skipped="0" failures="0" errors="0" time="0.003">
    <testcase time="0.00200000000000244" classname="character(0)" name="filter_ard_hierarchical_returns_only_summary_rows_when_all_rows_filtered_out"/>
    <testcase time="0.000999999999997669" classname="character(0)" name="filter_ard_hierarchical_returns_only_summary_rows_when_all_rows_filtered_out"/>
    <testcase time="0" classname="character(0)" name="filter_ard_hierarchical_returns_only_summary_rows_when_all_rows_filtered_out"/>
  </testsuite>
  <testsuite name="filter_ard_hierarchical" timestamp="2026-02-23T14:18:02Z" hostname="74dde8e2b86c" tests="7" skipped="0" failures="0" errors="0" time="0.006">
    <testcase time="0.00200000000000244" classname="character(0)" name="filter_ard_hierarchical_var_works"/>
    <testcase time="0.000999999999997669" classname="character(0)" name="filter_ard_hierarchical_var_works"/>
    <testcase time="0.000999999999997669" classname="character(0)" name="filter_ard_hierarchical_var_works"/>
    <testcase time="0" classname="character(0)" name="filter_ard_hierarchical_var_works"/>
    <testcase time="0.00100000000000477" classname="character(0)" name="filter_ard_hierarchical_var_works"/>
    <testcase time="0" classname="character(0)" name="filter_ard_hierarchical_var_works"/>
    <testcase time="0.000999999999997669" classname="character(0)" name="filter_ard_hierarchical_var_works"/>
  </testsuite>
  <testsuite name="filter_ard_hierarchical" timestamp="2026-02-23T14:18:02Z" hostname="74dde8e2b86c" tests="10" skipped="0" failures="0" errors="0" time="0.007">
    <testcase time="0.00200000000000244" classname="character(0)" name="filter_ard_hierarchical_keep_empty_works"/>
    <testcase time="0" classname="character(0)" name="filter_ard_hierarchical_keep_empty_works"/>
    <testcase time="0.000999999999997669" classname="character(0)" name="filter_ard_hierarchical_keep_empty_works"/>
    <testcase time="0.000999999999997669" classname="character(0)" name="filter_ard_hierarchical_keep_empty_works"/>
    <testcase time="0" classname="character(0)" name="filter_ard_hierarchical_keep_empty_works"/>
    <testcase time="0.00100000000000477" classname="character(0)" name="filter_ard_hierarchical_keep_empty_works"/>
    <testcase time="0" classname="character(0)" name="filter_ard_hierarchical_keep_empty_works"/>
    <testcase time="0.000999999999997669" classname="character(0)" name="filter_ard_hierarchical_keep_empty_works"/>
    <testcase time="0" classname="character(0)" name="filter_ard_hierarchical_keep_empty_works"/>
    <testcase time="0.000999999999997669" classname="character(0)" name="filter_ard_hierarchical_keep_empty_works"/>
  </testsuite>
  <testsuite name="filter_ard_hierarchical" timestamp="2026-02-23T14:18:02Z" hostname="74dde8e2b86c" tests="2" skipped="0" failures="0" errors="0" time="0.002">
    <testcase time="0.00200000000000244" classname="character(0)" name="filter_ard_hierarchical_works_with_only_one_variable_in_x"/>
    <testcase time="0" classname="character(0)" name="filter_ard_hierarchical_works_with_only_one_variable_in_x"/>
  </testsuite>
  <testsuite name="filter_ard_hierarchical" timestamp="2026-02-23T14:18:02Z" hostname="74dde8e2b86c" tests="1" skipped="0" failures="0" errors="0" time="0.003">
    <testcase time="0.00300000000000011" classname="character(0)" name="filter_ard_hierarchical_works_when_some_variables_not_included_in_x"/>
  </testsuite>
  <testsuite name="filter_ard_hierarchical" timestamp="2026-02-23T14:18:02Z" hostname="74dde8e2b86c" tests="1" skipped="0" failures="0" errors="0" time="0.002">
    <testcase time="0.00200000000000244" classname="character(0)" name="filter_ard_hierarchical_works_with_overall_data"/>
  </testsuite>
  <testsuite name="filter_ard_hierarchical" timestamp="2026-02-23T14:18:02Z" hostname="74dde8e2b86c" tests="9" skipped="0" failures="0" errors="0" time="0.006">
    <testcase time="0.00199999999999534" classname="character(0)" name="filter_ard_hierarchical_error_messaging_works"/>
    <testcase time="0" classname="character(0)" name="filter_ard_hierarchical_error_messaging_works"/>
    <testcase time="0.00100000000000477" classname="character(0)" name="filter_ard_hierarchical_error_messaging_works"/>
    <testcase time="0" classname="character(0)" name="filter_ard_hierarchical_error_messaging_works"/>
    <testcase time="0.000999999999997669" classname="character(0)" name="filter_ard_hierarchical_error_messaging_works"/>
    <testcase time="0.000999999999997669" classname="character(0)" name="filter_ard_hierarchical_error_messaging_works"/>
    <testcase time="0" classname="character(0)" name="filter_ard_hierarchical_error_messaging_works"/>
    <testcase time="0.00100000000000477" classname="character(0)" name="filter_ard_hierarchical_error_messaging_works"/>
    <testcase time="0" classname="character(0)" name="filter_ard_hierarchical_error_messaging_works"/>
  </testsuite>
  <testsuite name="get_ard_statistics" timestamp="2026-02-23T14:18:02Z" hostname="74dde8e2b86c" tests="2" skipped="0" failures="0" errors="0" time="0.123">
    <testcase time="0.122999999999998" classname="character(0)" name="get_ard_statistics_works"/>
    <testcase time="0" classname="character(0)" name="get_ard_statistics_works"/>
  </testsuite>
  <testsuite name="label_round" timestamp="2026-02-23T14:18:03Z" hostname="74dde8e2b86c" tests="4" skipped="0" failures="0" errors="0" time="0.048">
    <testcase time="0.0459999999999994" classname="character(0)" name="label_round_works"/>
    <testcase time="0.000999999999997669" classname="character(0)" name="label_round_works"/>
    <testcase time="0" classname="character(0)" name="label_round_works"/>
    <testcase time="0.00100000000000477" classname="character(0)" name="label_round_works"/>
  </testsuite>
  <testsuite name="mock" timestamp="2026-02-23T14:18:03Z" hostname="74dde8e2b86c" tests="1" skipped="0" failures="0" errors="0" time="0.762">
[...]
    <testcase time="0.00100000000000477" classname="character(0)" name="ard_summary_works_when_using_generic_names_"/>
    <testcase time="0" classname="character(0)" name="ard_summary_works_when_using_generic_names_"/>
    <testcase time="0.000999999999997669" classname="character(0)" name="ard_summary_works_when_using_generic_names_"/>
    <testcase time="0.000999999999997669" classname="character(0)" name="ard_summary_works_when_using_generic_names_"/>
    <testcase time="0" classname="character(0)" name="ard_summary_works_when_using_generic_names_"/>
    <testcase time="0.00100000000000477" classname="character(0)" name="ard_summary_works_when_using_generic_names_"/>
    <testcase time="0" classname="character(0)" name="ard_summary_works_when_using_generic_names_"/>
    <testcase time="0.000999999999997669" classname="character(0)" name="ard_summary_works_when_using_generic_names_"/>
    <testcase time="0.000999999999997669" classname="character(0)" name="ard_summary_works_when_using_generic_names_"/>
    <testcase time="0" classname="character(0)" name="ard_summary_works_when_using_generic_names_"/>
  </testsuite>
  <testsuite name="ard_summary" timestamp="2026-02-23T14:18:15Z" hostname="74dde8e2b86c" tests="1" skipped="0" failures="0" errors="0" time="0.002">
    <testcase time="0.00200000000000244" classname="character(0)" name="ard_summary_follows_ard_structure"/>
  </testsuite>
  <testsuite name="ard_summary" timestamp="2026-02-23T14:18:15Z" hostname="74dde8e2b86c" tests="2" skipped="0" failures="0" errors="0" time="0.003">
    <testcase time="0.00300000000000011" classname="character(0)" name="ard_summary_errors_with_incomplete_factor_columns"/>
    <testcase time="0" classname="character(0)" name="ard_summary_errors_with_incomplete_factor_columns"/>
  </testsuite>
  <testsuite name="ard_summary" timestamp="2026-02-23T14:18:15Z" hostname="74dde8e2b86c" tests="2" skipped="0" failures="0" errors="0" time="0.003">
    <testcase time="0.00300000000000011" classname="character(0)" name="ard_summary_with_as_cards_fn_inputs"/>
    <testcase time="0" classname="character(0)" name="ard_summary_with_as_cards_fn_inputs"/>
  </testsuite>
  <testsuite name="shuffle_ard" timestamp="2026-02-23T14:18:15Z" hostname="74dde8e2b86c" tests="17" skipped="0" failures="0" errors="0" time="0.641">
    <testcase time="0.628" classname="character(0)" name="shuffle_trim_works"/>
    <testcase time="0.000999999999997669" classname="character(0)" name="shuffle_trim_works"/>
    <testcase time="0.00100000000000477" classname="character(0)" name="shuffle_trim_works"/>
    <testcase time="0.000999999999997669" classname="character(0)" name="shuffle_trim_works"/>
    <testcase time="0.000999999999997669" classname="character(0)" name="shuffle_trim_works"/>
    <testcase time="0.00100000000000477" classname="character(0)" name="shuffle_trim_works"/>
    <testcase time="0.000999999999997669" classname="character(0)" name="shuffle_trim_works"/>
    <testcase time="0.000999999999997669" classname="character(0)" name="shuffle_trim_works"/>
    <testcase time="0.00100000000000477" classname="character(0)" name="shuffle_trim_works"/>
    <testcase time="0.000999999999997669" classname="character(0)" name="shuffle_trim_works"/>
    <testcase time="0.000999999999997669" classname="character(0)" name="shuffle_trim_works"/>
    <testcase time="0" classname="character(0)" name="shuffle_trim_works"/>
    <testcase time="0.00100000000000477" classname="character(0)" name="shuffle_trim_works"/>
    <testcase time="0.000999999999997669" classname="character(0)" name="shuffle_trim_works"/>
    <testcase time="0" classname="character(0)" name="shuffle_trim_works"/>
    <testcase time="0.000999999999997669" classname="character(0)" name="shuffle_trim_works"/>
    <testcase time="0" classname="character(0)" name="shuffle_trim_works"/>
  </testsuite>
  <testsuite name="shuffle_ard" timestamp="2026-02-23T14:18:15Z" hostname="74dde8e2b86c" tests="3" skipped="0" failures="0" errors="0" time="0.004">
    <testcase time="0.00300000000000011" classname="character(0)" name="shuffle_ard_handles_protected_names"/>
    <testcase time="0" classname="character(0)" name="shuffle_ard_handles_protected_names"/>
    <testcase time="0.00100000000000477" classname="character(0)" name="shuffle_ard_handles_protected_names"/>
  </testsuite>
  <testsuite name="shuffle_ard" timestamp="2026-02-23T14:18:15Z" hostname="74dde8e2b86c" tests="1" skipped="0" failures="0" errors="0" time="0.002">
    <testcase time="0.00199999999999534" classname="character(0)" name="shuffle_ard_notifies_user_about_warnings_errors_before_dropping"/>
  </testsuite>
  <testsuite name="shuffle_ard" timestamp="2026-02-23T14:18:15Z" hostname="74dde8e2b86c" tests="5" skipped="0" failures="0" errors="0" time="0.005">
    <testcase time="0.00200000000000244" classname="character(0)" name="shuffle_ard_fills_missing_group_levels_if_the_group_is_meaningful"/>
    <testcase time="0.000999999999997669" classname="character(0)" name="shuffle_ard_fills_missing_group_levels_if_the_group_is_meaningful"/>
    <testcase time="0.00100000000000477" classname="character(0)" name="shuffle_ard_fills_missing_group_levels_if_the_group_is_meaningful"/>
    <testcase time="0" classname="character(0)" name="shuffle_ard_fills_missing_group_levels_if_the_group_is_meaningful"/>
    <testcase time="0.000999999999997669" classname="character(0)" name="shuffle_ard_fills_missing_group_levels_if_the_group_is_meaningful"/>
  </testsuite>
  <testsuite name="shuffle_ard" timestamp="2026-02-23T14:18:15Z" hostname="74dde8e2b86c" tests="3" skipped="0" failures="0" errors="0" time="0.003">
    <testcase time="0.00200000000000244" classname="character(0)" name="shuffle_ard_doesn_t_trim_off_NULL_NA_values"/>
    <testcase time="0" classname="character(0)" name="shuffle_ard_doesn_t_trim_off_NULL_NA_values"/>
    <testcase time="0.000999999999997669" classname="character(0)" name="shuffle_ard_doesn_t_trim_off_NULL_NA_values"/>
  </testsuite>
  <testsuite name="shuffle_ard" timestamp="2026-02-23T14:18:15Z" hostname="74dde8e2b86c" tests="4" skipped="0" failures="0" errors="0" time="0.004">
    <testcase time="0.00199999999999534" classname="character(0)" name="shuffle_ard_coerces_all_factor_groups_variables_to_character"/>
    <testcase time="0.00100000000000477" classname="character(0)" name="shuffle_ard_coerces_all_factor_groups_variables_to_character"/>
    <testcase time="0" classname="character(0)" name="shuffle_ard_coerces_all_factor_groups_variables_to_character"/>
    <testcase time="0.000999999999997669" classname="character(0)" name="shuffle_ard_coerces_all_factor_groups_variables_to_character"/>
  </testsuite>
  <testsuite name="shuffle_ard" timestamp="2026-02-23T14:18:15Z" hostname="74dde8e2b86c" tests="1" skipped="0" failures="0" errors="0" time="0.002">
    <testcase time="0.00200000000000244" classname="character(0)" name="shuffle_ard_fills_missing_group_levels_if_the_group_is_meaningful_for_cardx_output"/>
  </testsuite>
  <testsuite name="shuffle_ard" timestamp="2026-02-23T14:18:15Z" hostname="74dde8e2b86c" tests="6" skipped="0" failures="0" errors="0" time="0.005">
    <testcase time="0.00199999999999534" classname="character(0)" name="shuffle_ard_fills_grouping_columns_with_Overall_var_or_Any_var_"/>
    <testcase time="0.00100000000000477" classname="character(0)" name="shuffle_ard_fills_grouping_columns_with_Overall_var_or_Any_var_"/>
    <testcase time="0.000999999999997669" classname="character(0)" name="shuffle_ard_fills_grouping_columns_with_Overall_var_or_Any_var_"/>
    <testcase time="0" classname="character(0)" name="shuffle_ard_fills_grouping_columns_with_Overall_var_or_Any_var_"/>
    <testcase time="0.000999999999997669" classname="character(0)" name="shuffle_ard_fills_grouping_columns_with_Overall_var_or_Any_var_"/>
    <testcase time="0" classname="character(0)" name="shuffle_ard_fills_grouping_columns_with_Overall_var_or_Any_var_"/>
  </testsuite>
  <testsuite name="shuffle_ard" timestamp="2026-02-23T14:18:15Z" hostname="74dde8e2b86c" tests="6" skipped="0" failures="0" errors="0" time="0.005">
    <testcase time="0.00300000000000011" classname="character(0)" name="shuffle_ard_fills_with_multiple_by_columns"/>
    <testcase time="0" classname="character(0)" name="shuffle_ard_fills_with_multiple_by_columns"/>
    <testcase time="0.00100000000000477" classname="character(0)" name="shuffle_ard_fills_with_multiple_by_columns"/>
    <testcase time="0" classname="character(0)" name="shuffle_ard_fills_with_multiple_by_columns"/>
    <testcase time="0.000999999999997669" classname="character(0)" name="shuffle_ard_fills_with_multiple_by_columns"/>
    <testcase time="0" classname="character(0)" name="shuffle_ard_fills_with_multiple_by_columns"/>
  </testsuite>
  <testsuite name="shuffle_ard" timestamp="2026-02-23T14:18:15Z" hostname="74dde8e2b86c" tests="6" skipped="0" failures="0" errors="0" time="0.012">
    <testcase time="0.00900000000000034" classname="character(0)" name="shuffle_ard_messages_about_Overall_var_or_Any_var_"/>
    <testcase time="0.000999999999997669" classname="character(0)" name="shuffle_ard_messages_about_Overall_var_or_Any_var_"/>
    <testcase time="0.00100000000000477" classname="character(0)" name="shuffle_ard_messages_about_Overall_var_or_Any_var_"/>
    <testcase time="0" classname="character(0)" name="shuffle_ard_messages_about_Overall_var_or_Any_var_"/>
    <testcase time="0.000999999999997669" classname="character(0)" name="shuffle_ard_messages_about_Overall_var_or_Any_var_"/>
    <testcase time="0" classname="character(0)" name="shuffle_ard_messages_about_Overall_var_or_Any_var_"/>
  </testsuite>
  <testsuite name="shuffle_ard" timestamp="2026-02-23T14:18:15Z" hostname="74dde8e2b86c" tests="3" skipped="0" failures="0" errors="0" time="0.004">
    <testcase time="0.00300000000000011" classname="character(0)" name="shuffle_ard_preserves_the_attributes_of_a_card_object"/>
    <testcase time="0" classname="character(0)" name="shuffle_ard_preserves_the_attributes_of_a_card_object"/>
    <testcase time="0.000999999999997669" classname="character(0)" name="shuffle_ard_preserves_the_attributes_of_a_card_object"/>
  </testsuite>
  <testsuite name="tidy_ard_column_order" timestamp="2026-02-23T14:18:15Z" hostname="74dde8e2b86c" tests="1" skipped="0" failures="0" errors="0" time="0.105">
    <testcase time="0.105000000000004" classname="character(0)" name="tidy_ard_column_order_works"/>
  </testsuite>
  <testsuite name="tidy_ard_row_order" timestamp="2026-02-23T14:18:16Z" hostname="74dde8e2b86c" tests="1" skipped="0" failures="0" errors="0" time="0.196">
    <testcase time="0.195999999999998" classname="character(0)" name="tidy_ard_row_order_works"/>
  </testsuite>
  <testsuite name="tidy_as_ard" timestamp="2026-02-23T14:18:16Z" hostname="74dde8e2b86c" tests="4" skipped="0" failures="0" errors="0" time="0.291">
    <testcase time="0.289000000000001" classname="character(0)" name="tidy_as_ard_works"/>
    <testcase time="0.000999999999997669" classname="character(0)" name="tidy_as_ard_works"/>
    <testcase time="0" classname="character(0)" name="tidy_as_ard_works"/>
    <testcase time="0.00100000000000477" classname="character(0)" name="tidy_as_ard_works"/>
  </testsuite>
  <testsuite name="unlist_ard_columns" timestamp="2026-02-23T14:18:17Z" hostname="74dde8e2b86c" tests="3" skipped="0" failures="0" errors="0" time="0.676">
    <testcase time="0.674999999999997" classname="character(0)" name="unlist_ard_columns_"/>
    <testcase time="0" classname="character(0)" name="unlist_ard_columns_"/>
    <testcase time="0.000999999999997669" classname="character(0)" name="unlist_ard_columns_"/>
  </testsuite>
  <testsuite name="unlist_ard_columns" timestamp="2026-02-23T14:18:17Z" hostname="74dde8e2b86c" tests="1" skipped="0" failures="0" errors="0" time="0.002">
    <testcase time="0.00200000000000244" classname="character(0)" name="unlist_ard_columns_messaging"/>
  </testsuite>
  <testsuite name="unlist_ard_columns" timestamp="2026-02-23T14:18:17Z" hostname="74dde8e2b86c" tests="2" skipped="0" failures="0" errors="0" time="0.003">
    <testcase time="0.00300000000000011" classname="character(0)" name="unlist_ard_columns_fct_as_chr_"/>
    <testcase time="0" classname="character(0)" name="unlist_ard_columns_fct_as_chr_"/>
  </testsuite>
  <testsuite name="update_ard" timestamp="2026-02-23T14:18:18Z" hostname="74dde8e2b86c" tests="2" skipped="0" failures="0" errors="0" time="1.114">
    <testcase time="1.113" classname="character(0)" name="update_ard_fmt_fun_"/>
    <testcase time="0.000999999999997669" classname="character(0)" name="update_ard_fmt_fun_"/>
  </testsuite>
  <testsuite name="update_ard" timestamp="2026-02-23T14:18:18Z" hostname="74dde8e2b86c" tests="1" skipped="0" failures="0" errors="0" time="0.002">
    <testcase time="0.00200000000000244" classname="character(0)" name="update_ard_fmt_fun_filter_"/>
  </testsuite>
  <testsuite name="update_ard" timestamp="2026-02-23T14:18:18Z" hostname="74dde8e2b86c" tests="2" skipped="0" failures="0" errors="0" time="0.003">
    <testcase time="0.00200000000000244" classname="character(0)" name="update_ard_fmt_fun_filter_messaging"/>
    <testcase time="0.000999999999997669" classname="character(0)" name="update_ard_fmt_fun_filter_messaging"/>
  </testsuite>
  <testsuite name="update_ard" timestamp="2026-02-23T14:18:18Z" hostname="74dde8e2b86c" tests="1" skipped="0" failures="0" errors="0" time="0.002">
    <testcase time="0.00200000000000244" classname="character(0)" name="update_ard_stat_label_"/>
  </testsuite>
  <testsuite name="update_ard" timestamp="2026-02-23T14:18:18Z" hostname="74dde8e2b86c" tests="1" skipped="0" failures="0" errors="0" time="0.005">
    <testcase time="0.00499999999999545" classname="character(0)" name="update_ard_stat_label_filter_"/>
  </testsuite>
  <testsuite name="update_ard" timestamp="2026-02-23T14:18:18Z" hostname="74dde8e2b86c" tests="2" skipped="0" failures="0" errors="0" time="0.003">
    <testcase time="0.00300000000000011" classname="character(0)" name="update_ard_stat_label_filter_messaging"/>
    <testcase time="0" classname="character(0)" name="update_ard_stat_label_filter_messaging"/>
  </testsuite>
  <testsuite name="sort_ard_hierarchical" timestamp="2026-02-23T14:18:19Z" hostname="74dde8e2b86c" tests="3" skipped="0" failures="0" errors="0" time="1.822">
    <testcase time="1.821" classname="character(0)" name="sort_ard_hierarchical_works"/>
    <testcase time="0.00100000000000477" classname="character(0)" name="sort_ard_hierarchical_works"/>
    <testcase time="0" classname="character(0)" name="sort_ard_hierarchical_works"/>
  </testsuite>
  <testsuite name="sort_ard_hierarchical" timestamp="2026-02-23T14:18:19Z" hostname="74dde8e2b86c" tests="4" skipped="0" failures="0" errors="0" time="0.004">
    <testcase time="0.00300000000000011" classname="character(0)" name="sort_ard_hierarchical_sort_descending_works"/>
    <testcase time="0" classname="character(0)" name="sort_ard_hierarchical_sort_descending_works"/>
    <testcase time="0.000999999999997669" classname="character(0)" name="sort_ard_hierarchical_sort_descending_works"/>
    <testcase time="0" classname="character(0)" name="sort_ard_hierarchical_sort_descending_works"/>
  </testsuite>
  <testsuite name="sort_ard_hierarchical" timestamp="2026-02-23T14:18:19Z" hostname="74dde8e2b86c" tests="4" skipped="0" failures="0" errors="0" time="0.004">
    <testcase time="0.00300000000000011" classname="character(0)" name="sort_ard_hierarchical_sort_alphanumeric_works"/>
    <testcase time="0" classname="character(0)" name="sort_ard_hierarchical_sort_alphanumeric_works"/>
    <testcase time="0.000999999999997669" classname="character(0)" name="sort_ard_hierarchical_sort_alphanumeric_works"/>
    <testcase time="0" classname="character(0)" name="sort_ard_hierarchical_sort_alphanumeric_works"/>
  </testsuite>
  <testsuite name="sort_ard_hierarchical" timestamp="2026-02-23T14:18:19Z" hostname="74dde8e2b86c" tests="4" skipped="0" failures="0" errors="0" time="0.004">
    <testcase time="0.00300000000000011" classname="character(0)" name="sort_ard_hierarchical_sort_works_with_different_sorting_methods_for_each_variable"/>
    <testcase time="0" classname="character(0)" name="sort_ard_hierarchical_sort_works_with_different_sorting_methods_for_each_variable"/>
    <testcase time="0.00100000000000477" classname="character(0)" name="sort_ard_hierarchical_sort_works_with_different_sorting_methods_for_each_variable"/>
    <testcase time="0" classname="character(0)" name="sort_ard_hierarchical_sort_works_with_different_sorting_methods_for_each_variable"/>
  </testsuite>
  <testsuite name="sort_ard_hierarchical" timestamp="2026-02-23T14:18:19Z" hostname="74dde8e2b86c" tests="4" skipped="0" failures="0" errors="0" time="0.005">
    <testcase time="0.00300000000000011" classname="character(0)" name="sort_ard_hierarchical_works_when_there_is_no_overall_row_in_x"/>
    <testcase time="0.000999999999997669" classname="character(0)" name="sort_ard_hierarchical_works_when_there_is_no_overall_row_in_x"/>
    <testcase time="0" classname="character(0)" name="sort_ard_hierarchical_works_when_there_is_no_overall_row_in_x"/>
    <testcase time="0.000999999999997669" classname="character(0)" name="sort_ard_hierarchical_works_when_there_is_no_overall_row_in_x"/>
  </testsuite>
  <testsuite name="sort_ard_hierarchical" timestamp="2026-02-23T14:18:19Z" hostname="74dde8e2b86c" tests="5" skipped="0" failures="0" errors="0" time="0.004">
    <testcase time="0.00200000000000244" classname="character(0)" name="sort_ard_hierarchical_works_with_only_one_variable_in_x"/>
    <testcase time="0.000999999999997669" classname="character(0)" name="sort_ard_hierarchical_works_with_only_one_variable_in_x"/>
    <testcase time="0" classname="character(0)" name="sort_ard_hierarchical_works_with_only_one_variable_in_x"/>
    <testcase time="0.00100000000000477" classname="character(0)" name="sort_ard_hierarchical_works_with_only_one_variable_in_x"/>
    <testcase time="0" classname="character(0)" name="sort_ard_hierarchical_works_with_only_one_variable_in_x"/>
  </testsuite>
  <testsuite name="sort_ard_hierarchical" timestamp="2026-02-23T14:18:19Z" hostname="74dde8e2b86c" tests="1" skipped="0" failures="0" errors="0" time="0.003">
    <testcase time="0.00300000000000011" classname="character(0)" name="sort_ard_hierarchical_works_when_some_variables_not_included_in_x"/>
  </testsuite>
  <testsuite name="sort_ard_hierarchical" timestamp="2026-02-23T14:18:19Z" hostname="74dde8e2b86c" tests="1" skipped="0" failures="0" errors="0" time="0.002">
    <testcase time="0.00199999999999534" classname="character(0)" name="sort_ard_hierarchical_works_when_sorting_using_p_instead_of_n"/>
  </testsuite>
  <testsuite name="sort_ard_hierarchical" timestamp="2026-02-23T14:18:19Z" hostname="74dde8e2b86c" tests="3" skipped="0" failures="0" errors="0" time="0.006">
    <testcase time="0.00200000000000244" classname="character(0)" name="sort_ard_hierarchical_works_with_overall_data"/>
    <testcase time="0.000999999999997669" classname="character(0)" name="sort_ard_hierarchical_works_with_overall_data"/>
    <testcase time="0.00300000000000011" classname="character(0)" name="sort_ard_hierarchical_works_with_overall_data"/>
  </testsuite>
  <testsuite name="sort_ard_hierarchical" timestamp="2026-02-23T14:18:20Z" hostname="74dde8e2b86c" tests="3" skipped="0" failures="0" errors="0" time="0.004">
    <testcase time="0.00300000000000011" classname="character(0)" name="sort_ard_hierarchical_error_messaging_works"/>
    <testcase time="0.00100000000000477" classname="character(0)" name="sort_ard_hierarchical_error_messaging_works"/>
    <testcase time="0" classname="character(0)" name="sort_ard_hierarchical_error_messaging_works"/>
  </testsuite>
</testsuites>
